<?xml version="1.0" encoding="UTF-8" ?>
<testsuite failures="7" time="2.495" errors="0" skipped="0" tests="7" name="com.wakaleo.gameoflife.webtests.WhenTheUserSpawnsTheNextGeneration">
  <properties>
[...]
</properties>
  <testcase time="0.028" classname="com.wakaleo.gameoflife.webtests.WhenTheUserSpawnsTheNextGeneration" name="aRotatingCellSetShouldProduceTheOriginalSetOfCellsAfterTwoGenerations">
    <failure message="Could not instantiate class org.openqa.selenium.firefox.FirefoxDriver" type="net.thucydides.core.webdriver.WebdriverAssertionError">net.thucydides.core.webdriver.WebdriverAssertionError: Could not instantiate class org.openqa.selenium.firefox.FirefoxDriver
	at net.thucydides.core.webdriver.WebDriverFacade.newDriverInstance(WebDriverFacade.java:90)
	at net.thucydides.core.webdriver.WebDriverFacade.newProxyDriver(WebDriverFacade.java:82)
	at net.thucydides.core.webdriver.WebDriverFacade.getProxiedDriver(WebDriverFacade.java:54)
	at net.thucydides.core.pages.Pages.browserIsHeadless(Pages.java:141)
	at net.thucydides.core.pages.Pages.openHeadlessDriverIfNotOpen(Pages.java:126)
	at net.thucydides.core.pages.Pages.openBrowserIfRequiredFor(Pages.java:119)
	at net.thucydides.core.pages.Pages.currentPageAt(Pages.java:107)
	at com.wakaleo.gameoflife.webtests.steps.PlayerSteps.onHomePage(PlayerSteps.java:57)
	at com.wakaleo.gameoflife.webtests.steps.PlayerSteps.opens_home_page(PlayerSteps.java:18)
	at com.wakaleo.gameoflife.webtests.steps.PlayerSteps$$EnhancerByCGLIB$$e7ad7fc9.CGLIB$opens_home_page$0(&lt;generated&gt;)
	at com.wakaleo.gameoflife.webtests.steps.PlayerSteps$$EnhancerByCGLIB$$e7ad7fc9$$FastClassByCGLIB$$2f6316fe.invoke(&lt;generated&gt;)
	at net.sf.cglib.proxy.MethodProxy.invokeSuper(MethodProxy.java:228)
	at net.thucydides.core.steps.StepInterceptor.executeTestStepMethod(StepInterceptor.java:273)
	at net.thucydides.core.steps.StepInterceptor.runTestStep(StepInterceptor.java:252)
	at net.thucydides.core.steps.StepInterceptor.testStepResult(StepInterceptor.java:124)
	at net.thucydides.core.steps.StepInterceptor.intercept(StepInterceptor.java:50)
	at com.wakaleo.gameoflife.webtests.steps.PlayerSteps$$EnhancerByCGLIB$$e7ad7fc9.opens_home_page(&lt;generated&gt;)
	at com.wakaleo.gameoflife.webtests.WhenTheUserSpawnsTheNextGeneration.aRotatingCellSetShouldProduceTheOriginalSetOfCellsAfterTwoGenerations(WhenTheUserSpawnsTheNextGeneration.java:124)
	at sun.reflect.NativeMethodAccessorImpl.invoke0(Native Method)
	at sun.reflect.NativeMethodAccessorImpl.invoke(NativeMethodAccessorImpl.java:57)
	at sun.reflect.DelegatingMethodAccessorImpl.invoke(DelegatingMethodAccessorImpl.java:43)
	at java.lang.reflect.Method.invoke(Method.java:606)
	at org.junit.runners.model.FrameworkMethod$1.runReflectiveCall(FrameworkMethod.java:45)
	at org.junit.internal.runners.model.ReflectiveCallable.run(ReflectiveCallable.java:15)
	at org.junit.runners.model.FrameworkMethod.invokeExplosively(FrameworkMethod.java:42)
	at org.junit.internal.runners.statements.InvokeMethod.evaluate(InvokeMethod.java:20)
	at net.thucydides.junit.runners.ThucydidesStatement.evaluate(ThucydidesStatement.java:21)
	at org.junit.runners.ParentRunner.runLeaf(ParentRunner.java:263)
	at org.junit.runners.BlockJUnit4ClassRunner.runChild(BlockJUnit4ClassRunner.java:68)
	at net.thucydides.junit.runners.ThucydidesRunner.runChild(ThucydidesRunner.java:339)
	at net.thucydides.junit.runners.ThucydidesRunner.runChild(ThucydidesRunner.java:56)
	at org.junit.runners.ParentRunner$3.run(ParentRunner.java:231)
	at org.junit.runners.ParentRunner$1.schedule(ParentRunner.java:60)
	at org.junit.runners.ParentRunner.runChildren(ParentRunner.java:229)
	at org.junit.runners.ParentRunner.access$000(ParentRunner.java:50)
	at org.junit.runners.ParentRunner$2.evaluate(ParentRunner.java:222)
	at org.junit.runners.ParentRunner.run(ParentRunner.java:300)
	at net.thucydides.junit.runners.ThucydidesRunner.run(ThucydidesRunner.java:201)
	at org.junit.runners.Suite.runChild(Suite.java:128)
	at org.junit.runners.Suite.runChild(Suite.java:24)
	at org.junit.runners.ParentRunner$3.run(ParentRunner.java:231)
	at java.util.concurrent.Executors$RunnableAdapter.call(Executors.java:471)
	at java.util.concurrent.FutureTask.run(FutureTask.java:262)
	at java.util.concurrent.ThreadPoolExecutor.runWorker(ThreadPoolExecutor.java:1145)
	at java.util.concurrent.ThreadPoolExecutor$Worker.run(ThreadPoolExecutor.java:615)
	at java.lang.Thread.run(Thread.java:745)
</failure>
    <system-err>4144 [pool-1-thread-3] INFO net.thucydides.core.Thucydides - 
  _____ _____ ____ _____   ____ _____  _    ____ _____ _____ ____  
 |_   _| ____/ ___|_   _| / ___|_   _|/ \  |  _ \_   _| ____|  _ \ 
   | | |  _| \___ \ | |   \___ \ | | / _ \ | |_) || | |  _| | | | |
   | | | |___ ___) || |    ___) || |/ ___ \|  _ &lt; | | | |___| |_| |
   |_| |_____|____/ |_|   |____/ |_/_/   \_\_| \_\|_| |_____|____/ 
                                                                   

TEST STARTED: aRotatingCellSetShouldProduceTheOriginalSetOfCellsAfterTwoGenerations
--------------------------------------------------------------------
4144 [pool-1-thread-3] INFO net.thucydides.core.Thucydides - TEST NUMBER: 1
4144 [pool-1-thread-3] INFO net.thucydides.core.Thucydides - Test Suite Started: When the user spawns the next generation
4145 [pool-1-thread-3] INFO net.thucydides.core.Thucydides - 
  _____ _____ ____ _____   ____ _____  _    ____ _____ _____ ____  
 |_   _| ____/ ___|_   _| / ___|_   _|/ \  |  _ \_   _| ____|  _ \ 
   | | |  _| \___ \ | |   \___ \ | | / _ \ | |_) || | |  _| | | | |
   | | | |___ ___) || |    ___) || |/ ___ \|  _ &lt; | | | |___| |_| |
   |_| |_____|____/ |_|   |____/ |_/_/   \_\_| \_\|_| |_____|____/ 
                                                                   

TEST STARTED: aRotatingCellSetShouldProduceTheOriginalSetOfCellsAfterTwoGenerations
--------------------------------------------------------------------
4145 [pool-1-thread-3] INFO net.thucydides.core.Thucydides - TEST NUMBER: 2
4146 [pool-1-thread-3] INFO net.thucydides.core.Thucydides - 
  _____ _____ ____ _____   ____ _____  _    ____ _____ _____ ____  
 |_   _| ____/ ___|_   _| / ___|_   _|/ \  |  _ \_   _| ____|  _ \ 
   | | |  _| \___ \ | |   \___ \ | | / _ \ | |_) || | |  _| | | | |
   | | | |___ ___) || |    ___) || |/ ___ \|  _ &lt; | | | |___| |_| |
   |_| |_____|____/ |_|   |____/ |_/_/   \_\_| \_\|_| |_____|____/ 
                                                                   

TEST STARTED: aRotatingCellSetShouldProduceTheOriginalSetOfCellsAfterTwoGenerations
--------------------------------------------------------------------
4146 [pool-1-thread-3] INFO net.thucydides.core.Thucydides - TEST NUMBER: 3
4147 [pool-1-thread-3] INFO net.thucydides.core.Thucydides - 
  _____ _____ ____ _____   ____ _____  _    ____ _____ _____ ____  
 |_   _| ____/ ___|_   _| / ___|_   _|/ \  |  _ \_   _| ____|  _ \ 
   | | |  _| \___ \ | |   \___ \ | | / _ \ | |_) || | |  _| | | | |
   | | | |___ ___) || |    ___) || |/ ___ \|  _ &lt; | | | |___| |_| |
   |_| |_____|____/ |_|   |____/ |_/_/   \_\_| \_\|_| |_____|____/ 
                                                                   

TEST STARTED: aRotatingCellSetShouldProduceTheOriginalSetOfCellsAfterTwoGenerations
--------------------------------------------------------------------
4147 [pool-1-thread-3] INFO net.thucydides.core.Thucydides - TEST NUMBER: 4
49645 [pool-1-thread-3] ERROR net.thucydides.core.webdriver.WebDriverFacade - FAILED TO CREATE NEW DRIVER INSTANCE class org.openqa.selenium.firefox.FirefoxDriver: Could not instantiate class org.openqa.selenium.firefox.FirefoxDriver
net.thucydides.core.webdriver.UnsupportedDriverException: Could not instantiate class org.openqa.selenium.firefox.FirefoxDriver	at net.thucydides.core.webdriver.WebDriverFactory.newWebdriverInstance(WebDriverFactory.java:149)	at net.thucydides.core.webdriver.WebDriverFacade.newDriverInstance(WebDriverFacade.java:87)	at net.thucydides.core.webdriver.WebDriverFacade.newProxyDriver(WebDriverFacade.java:82)	at net.thucydides.core.webdriver.WebDriverFacade.getProxiedDriver(WebDriverFacade.java:54)	at net.thucydides.core.pages.Pages.browserIsHeadless(Pages.java:141)	at net.thucydides.core.pages.Pages.openHeadlessDriverIfNotOpen(Pages.java:126)	at net.thucydides.core.pages.Pages.openBrowserIfRequiredFor(Pages.java:119)	at net.thucydides.core.pages.Pages.currentPageAt(Pages.java:107)	at com.wakaleo.gameoflife.webtests.steps.PlayerSteps.onHomePage(PlayerSteps.java:57)	at com.wakaleo.gameoflife.webtests.steps.PlayerSteps.opens_home_page(PlayerSteps.java:18)	at com.wakaleo.gameoflife.webtests.steps.PlayerSteps$$EnhancerByCGLIB$$e7ad7fc9.CGLIB$opens_home_page$0(&lt;generated&gt;)	at com.wakaleo.gameoflife.webtests.steps.PlayerSteps$$EnhancerByCGLIB$$e7ad7fc9$$FastClassByCGLIB$$2f6316fe.invoke(&lt;generated&gt;)	at net.sf.cglib.proxy.MethodProxy.invokeSuper(MethodProxy.java:228)	at net.thucydides.core.steps.StepInterceptor.executeTestStepMethod(StepInterceptor.java:273)	at net.thucydides.core.steps.StepInterceptor.runTestStep(StepInterceptor.java:252)	at net.thucydides.core.steps.StepInterceptor.testStepResult(StepInterceptor.java:124)	at net.thucydides.core.steps.StepInterceptor.intercept(StepInterceptor.java:50)	at com.wakaleo.gameoflife.webtests.steps.PlayerSteps$$EnhancerByCGLIB$$e7ad7fc9.opens_home_page(&lt;generated&gt;)	at com.wakaleo.gameoflife.webtests.WhenTheUserSpawnsTheNextGeneration.aRotatingCellSetShouldProduceTheOriginalSetOfCellsAfterTwoGenerations(WhenTheUserSpawnsTheNextGeneration.java:124)	at sun.reflect.NativeMethodAccessorImpl.invoke0(Native Method)	at sun.reflect.NativeMethodAccessorImpl.invoke(NativeMethodAccessorImpl.java:57)	at sun.reflect.DelegatingMethodAccessorImpl.invoke(DelegatingMethodAccessorImpl.java:43)	at java.lang.reflect.Method.invoke(Method.java:606)	at org.junit.runners.model.FrameworkMethod$1.runReflectiveCall(FrameworkMethod.java:45)	at org.junit.internal.runners.model.ReflectiveCallable.run(ReflectiveCallable.java:15)	at org.junit.runners.model.FrameworkMethod.invokeExplosively(FrameworkMethod.java:42)	at org.junit.internal.runners.statements.InvokeMethod.evaluate(InvokeMethod.java:20)	at net.thucydides.junit.runners.ThucydidesStatement.evaluate(ThucydidesStatement.java:21)	at org.junit.runners.ParentRunner.runLeaf(ParentRunner.java:263)	at org.junit.runners.BlockJUnit4ClassRunner.runChild(BlockJUnit4ClassRunner.java:68)	at net.thucydides.junit.runners.ThucydidesRunner.runChild(ThucydidesRunner.java:339)	at net.thucydides.junit.runners.ThucydidesRunner.runChild(ThucydidesRunner.java:56)	at org.junit.runners.ParentRunner$3.run(ParentRunner.java:231)	at org.junit.runners.ParentRunner$1.schedule(ParentRunner.java:60)	at org.junit.runners.ParentRunner.runChildren(ParentRunner.java:229)	at org.junit.runners.ParentRunner.access$000(ParentRunner.java:50)	at org.junit.runners.ParentRunner$2.evaluate(ParentRunner.java:222)	at org.junit.runners.ParentRunner.run(ParentRunner.java:300)	at net.thucydides.junit.runners.ThucydidesRunner.run(ThucydidesRunner.java:201)	at org.junit.runners.Suite.runChild(Suite.java:128)	at org.junit.runners.Suite.runChild(Suite.java:24)	at org.junit.runners.ParentRunner$3.run(ParentRunner.java:231)	at java.util.concurrent.Executors$RunnableAdapter.call(Executors.java:471)	at java.util.concurrent.FutureTask.run(FutureTask.java:262)	at java.util.concurrent.ThreadPoolExecutor.runWorker(ThreadPoolExecutor.java:1145)	at java.util.concurrent.ThreadPoolExecutor$Worker.run(ThreadPoolExecutor.java:615)	at java.lang.Thread.run(Thread.java:745)Caused by: java.lang.reflect.InvocationTargetException	at sun.reflect.NativeConstructorAccessorImpl.newInstance0(Native Method)	at sun.reflect.NativeConstructorAccessorImpl.newInstance(NativeConstructorAccessorImpl.java:57)	at sun.reflect.DelegatingConstructorAccessorImpl.newInstance(DelegatingConstructorAccessorImpl.java:45)	at java.lang.reflect.Constructor.newInstance(Constructor.java:526)	at net.thucydides.core.webdriver.WebdriverInstanceFactory.newInstanceOf(WebdriverInstanceFactory.java:28)	at net.thucydides.core.webdriver.WebDriverFactory.firefoxDriverFrom(WebDriverFactory.java:314)	at net.thucydides.core.webdriver.WebDriverFactory.newWebdriverInstance(WebDriverFactory.java:135)	... 46 moreCaused by: org.openqa.selenium.WebDriverException: Unable to bind to locking port 7054 within 45000 ms
Build info: version: &apos;2.25.0&apos;, revision: &apos;17482&apos;, time: &apos;2012-07-18 22:18:01&apos;
System info: os.name: &apos;Linux&apos;, os.arch: &apos;amd64&apos;, os.version: &apos;3.1.1&apos;, java.version: &apos;1.7.0_79&apos;
Driver info: driver.version: FirefoxDriver	at org.openqa.selenium.internal.SocketLock.lock(SocketLock.java:94)	at org.openqa.selenium.firefox.internal.NewProfileExtensionConnection.start(NewProfileExtensionConnection.java:73)	at org.openqa.selenium.firefox.FirefoxDriver.startClient(FirefoxDriver.java:245)	at org.openqa.selenium.remote.RemoteWebDriver.&lt;init&gt;(RemoteWebDriver.java:109)	at org.openqa.selenium.firefox.FirefoxDriver.&lt;init&gt;(FirefoxDriver.java:183)	at org.openqa.selenium.firefox.FirefoxDriver.&lt;init&gt;(FirefoxDriver.java:178)	at org.openqa.selenium.firefox.FirefoxDriver.&lt;init&gt;(FirefoxDriver.java:174)	at org.openqa.selenium.firefox.FirefoxDriver.&lt;init&gt;(FirefoxDriver.java:96)	... 53 more94837 [pool-1-thread-3] ERROR net.thucydides.core.webdriver.WebDriverFacade - FAILED TO CREATE NEW DRIVER INSTANCE class org.openqa.selenium.firefox.FirefoxDriver: Could not instantiate class org.openqa.selenium.firefox.FirefoxDriver
net.thucydides.core.webdriver.UnsupportedDriverException: Could not instantiate class org.openqa.selenium.firefox.FirefoxDriver	at net.thucydides.core.webdriver.WebDriverFactory.newWebdriverInstance(WebDriverFactory.java:149)	at net.thucydides.core.webdriver.WebDriverFacade.newDriverInstance(WebDriverFacade.java:87)	at net.thucydides.core.webdriver.WebDriverFacade.newProxyDriver(WebDriverFacade.java:82)	at net.thucydides.core.webdriver.WebDriverFacade.getProxiedDriver(WebDriverFacade.java:54)	at net.thucydides.core.pages.Pages.browserIsHeadless(Pages.java:141)	at net.thucydides.core.pages.Pages.openHeadlessDriverIfNotOpen(Pages.java:126)	at net.thucydides.core.pages.Pages.openBrowserIfRequiredFor(Pages.java:119)	at net.thucydides.core.pages.Pages.currentPageAt(Pages.java:107)	at com.wakaleo.gameoflife.webtests.steps.PlayerSteps.onHomePage(PlayerSteps.java:57)	at com.wakaleo.gameoflife.webtests.steps.PlayerSteps.chooses_to_start_a_new_game(PlayerSteps.java:28)	at com.wakaleo.gameoflife.webtests.steps.PlayerSteps$$EnhancerByCGLIB$$e7ad7fc9.CGLIB$chooses_to_start_a_new_game$1(&lt;generated&gt;)	at com.wakaleo.gameoflife.webtests.steps.PlayerSteps$$EnhancerByCGLIB$$e7ad7fc9$$FastClassByCGLIB$$2f6316fe.invoke(&lt;generated&gt;)	at net.sf.cglib.proxy.MethodProxy.invokeSuper(MethodProxy.java:228)	at net.thucydides.core.steps.StepInterceptor.invokeMethod(StepInterceptor.java:285)	at net.thucydides.core.steps.StepInterceptor.runSkippedMethod(StepInterceptor.java:140)	at net.thucydides.core.steps.StepInterceptor.skipTestStep(StepInterceptor.java:130)	at net.thucydides.core.steps.StepInterceptor.testStepResult(StepInterceptor.java:121)	at net.thucydides.core.steps.StepInterceptor.intercept(StepInterceptor.java:50)	at com.wakaleo.gameoflife.webtests.steps.PlayerSteps$$EnhancerByCGLIB$$e7ad7fc9.chooses_to_start_a_new_game(&lt;generated&gt;)	at com.wakaleo.gameoflife.webtests.WhenTheUserSpawnsTheNextGeneration.aRotatingCellSetShouldProduceTheOriginalSetOfCellsAfterTwoGenerations(WhenTheUserSpawnsTheNextGeneration.java:125)	at sun.reflect.NativeMethodAccessorImpl.invoke0(Native Method)	at sun.reflect.NativeMethodAccessorImpl.invoke(NativeMethodAccessorImpl.java:57)	at sun.reflect.DelegatingMethodAccessorImpl.invoke(DelegatingMethodAccessorImpl.java:43)	at java.lang.reflect.Method.invoke(Method.java:606)	at org.junit.runners.model.FrameworkMethod$1.runReflectiveCall(FrameworkMethod.java:45)	at org.junit.internal.runners.model.ReflectiveCallable.run(ReflectiveCallable.java:15)	at org.junit.runners.model.FrameworkMethod.invokeExplosively(FrameworkMethod.java:42)	at org.junit.internal.runners.statements.InvokeMethod.evaluate(InvokeMethod.java:20)	at net.thucydides.junit.runners.ThucydidesStatement.evaluate(ThucydidesStatement.java:21)	at org.junit.runners.ParentRunner.runLeaf(ParentRunner.java:263)	at org.junit.runners.BlockJUnit4ClassRunner.runChild(BlockJUnit4ClassRunner.java:68)	at net.thucydides.junit.runners.ThucydidesRunner.runChild(ThucydidesRunner.java:339)	at net.thucydides.junit.runners.ThucydidesRunner.runChild(ThucydidesRunner.java:56)	at org.junit.runners.ParentRunner$3.run(ParentRunner.java:231)	at org.junit.runners.ParentRunner$1.schedule(ParentRunner.java:60)	at org.junit.runners.ParentRunner.runChildren(ParentRunner.java:229)	at org.junit.runners.ParentRunner.access$000(ParentRunner.java:50)	at org.junit.runners.ParentRunner$2.evaluate(ParentRunner.java:222)	at org.junit.runners.ParentRunner.run(ParentRunner.java:300)	at net.thucydides.junit.runners.ThucydidesRunner.run(ThucydidesRunner.java:201)	at org.junit.runners.Suite.runChild(Suite.java:128)	at org.junit.runners.Suite.runChild(Suite.java:24)	at org.junit.runners.ParentRunner$3.run(ParentRunner.java:231)	at java.util.concurrent.Executors$RunnableAdapter.call(Executors.java:471)	at java.util.concurrent.FutureTask.run(FutureTask.java:262)	at java.util.concurrent.ThreadPoolExecutor.runWorker(ThreadPoolExecutor.java:1145)	at java.util.concurrent.ThreadPoolExecutor$Worker.run(ThreadPoolExecutor.java:615)	at java.lang.Thread.run(Thread.java:745)Caused by: java.lang.reflect.InvocationTargetException	at sun.reflect.NativeConstructorAccessorImpl.newInstance0(Native Method)	at sun.reflect.NativeConstructorAccessorImpl.newInstance(NativeConstructorAccessorImpl.java:57)	at sun.reflect.DelegatingConstructorAccessorImpl.newInstance(DelegatingConstructorAccessorImpl.java:45)	at java.lang.reflect.Constructor.newInstance(Constructor.java:526)	at net.thucydides.core.webdriver.WebdriverInstanceFactory.newInstanceOf(WebdriverInstanceFactory.java:28)	at net.thucydides.core.webdriver.WebDriverFactory.firefoxDriverFrom(WebDriverFactory.java:314)	at net.thucydides.core.webdriver.WebDriverFactory.newWebdriverInstance(WebDriverFactory.java:135)	... 47 moreCaused by: org.openqa.selenium.WebDriverException: Unable to bind to locking port 7054 within 45000 ms
Build info: version: &apos;2.25.0&apos;, revision: &apos;17482&apos;, time: &apos;2012-07-18 22:18:01&apos;
System info: os.name: &apos;Linux&apos;, os.arch: &apos;amd64&apos;, os.version: &apos;3.1.1&apos;, java.version: &apos;1.7.0_79&apos;
Driver info: driver.version: FirefoxDriver	at org.openqa.selenium.internal.SocketLock.lock(SocketLock.java:94)	at org.openqa.selenium.firefox.internal.NewProfileExtensionConnection.start(NewProfileExtensionConnection.java:73)	at org.openqa.selenium.firefox.FirefoxDriver.startClient(FirefoxDriver.java:245)	at org.openqa.selenium.remote.RemoteWebDriver.&lt;init&gt;(RemoteWebDriver.java:109)	at org.openqa.selenium.firefox.FirefoxDriver.&lt;init&gt;(FirefoxDriver.java:183)	at org.openqa.selenium.firefox.FirefoxDriver.&lt;init&gt;(FirefoxDriver.java:178)	at org.openqa.selenium.firefox.FirefoxDriver.&lt;init&gt;(FirefoxDriver.java:174)	at org.openqa.selenium.firefox.FirefoxDriver.&lt;init&gt;(FirefoxDriver.java:96)	... 54 more140662 [pool-1-thread-3] ERROR net.thucydides.core.webdriver.WebDriverFacade - FAILED TO CREATE NEW DRIVER INSTANCE class org.openqa.selenium.firefox.FirefoxDriver: Could not instantiate class org.openqa.selenium.firefox.FirefoxDriver
net.thucydides.core.webdriver.UnsupportedDriverException: Could not instantiate class org.openqa.selenium.firefox.FirefoxDriver	at net.thucydides.core.webdriver.WebDriverFactory.newWebdriverInstance(WebDriverFactory.java:149)	at net.thucydides.core.webdriver.WebDriverFacade.newDriverInstance(WebDriverFacade.java:87)	at net.thucydides.core.webdriver.WebDriverFacade.newProxyDriver(WebDriverFacade.java:82)	at net.thucydides.core.webdriver.WebDriverFacade.getProxiedDriver(WebDriverFacade.java:54)	at net.thucydides.core.pages.Pages.browserIsHeadless(Pages.java:141)	at net.thucydides.core.pages.Pages.openHeadlessDriverIfNotOpen(Pages.java:126)	at net.thucydides.core.pages.Pages.openBrowserIfRequiredFor(Pages.java:119)	at net.thucydides.core.pages.Pages.currentPageAt(Pages.java:107)	at com.wakaleo.gameoflife.webtests.steps.PlayerSteps.onEnterGridPage(PlayerSteps.java:61)	at com.wakaleo.gameoflife.webtests.steps.PlayerSteps.clicks_on_cell_at(PlayerSteps.java:48)	at com.wakaleo.gameoflife.webtests.steps.PlayerSteps$$EnhancerByCGLIB$$e7ad7fc9.CGLIB$clicks_on_cell_at$5(&lt;generated&gt;)	at com.wakaleo.gameoflife.webtests.steps.PlayerSteps$$EnhancerByCGLIB$$e7ad7fc9$$FastClassByCGLIB$$2f6316fe.invoke(&lt;generated&gt;)	at net.sf.cglib.proxy.MethodProxy.invokeSuper(MethodProxy.java:228)	at net.thucydides.core.steps.StepInterceptor.invokeMethod(StepInterceptor.java:285)	at net.thucydides.core.steps.StepInterceptor.runSkippedMethod(StepInterceptor.java:140)	at net.thucydides.core.steps.StepInterceptor.skipTestStep(StepInterceptor.java:130)	at net.thucydides.core.steps.StepInterceptor.testStepResult(StepInterceptor.java:121)	at net.thucydides.core.steps.StepInterceptor.intercept(StepInterceptor.java:50)	at com.wakaleo.gameoflife.webtests.steps.PlayerSteps$$EnhancerByCGLIB$$e7ad7fc9.clicks_on_cell_at(&lt;generated&gt;)	at com.wakaleo.gameoflife.webtests.WhenTheUserSpawnsTheNextGeneration.aRotatingCellSetShouldProduceTheOriginalSetOfCellsAfterTwoGenerations(WhenTheUserSpawnsTheNextGeneration.java:126)	at sun.reflect.NativeMethodAccessorImpl.invoke0(Native Method)	at sun.reflect.NativeMethodAccessorImpl.invoke(NativeMethodAccessorImpl.java:57)	at sun.reflect.DelegatingMethodAccessorImpl.invoke(DelegatingMethodAccessorImpl.java:43)	at java.lang.reflect.Method.invoke(Method.java:606)	at org.junit.runners.model.FrameworkMethod$1.runReflectiveCall(FrameworkMethod.java:45)	at org.junit.internal.runners.model.ReflectiveCallable.run(ReflectiveCallable.java:15)	at org.junit.runners.model.FrameworkMethod.invokeExplosively(FrameworkMethod.java:42)	at org.junit.internal.runners.statements.InvokeMethod.evaluate(InvokeMethod.java:20)	at net.thucydides.junit.runners.ThucydidesStatement.evaluate(ThucydidesStatement.java:21)	at org.junit.runners.ParentRunner.runLeaf(ParentRunner.java:263)	at org.junit.runners.BlockJUnit4ClassRunner.runChild(BlockJUnit4ClassRunner.java:68)	at net.thucydides.junit.runners.ThucydidesRunner.runChild(ThucydidesRunner.java:339)	at net.thucydides.junit.runners.ThucydidesRunner.runChild(ThucydidesRunner.java:56)	at org.junit.runners.ParentRunner$3.run(ParentRunner.java:231)	at org.junit.runners.ParentRunner$1.schedule(ParentRunner.java:60)	at org.junit.runners.ParentRunner.runChildren(ParentRunner.java:229)	at org.junit.runners.ParentRunner.access$000(ParentRunner.java:50)	at org.junit.runners.ParentRunner$2.evaluate(ParentRunner.java:222)	at org.junit.runners.ParentRunner.run(ParentRunner.java:300)	at net.thucydides.junit.runners.ThucydidesRunner.run(ThucydidesRunner.java:201)	at org.junit.runners.Suite.runChild(Suite.java:128)	at org.junit.runners.Suite.runChild(Suite.java:24)	at org.junit.runners.ParentRunner$3.run(ParentRunner.java:231)	at java.util.concurrent.Executors$RunnableAdapter.call(Executors.java:471)	at java.util.concurrent.FutureTask.run(FutureTask.java:262)	at java.util.concurrent.ThreadPoolExecutor.runWorker(ThreadPoolExecutor.java:1145)	at java.util.concurrent.ThreadPoolExecutor$Worker.run(ThreadPoolExecutor.java:615)	at java.lang.Thread.run(Thread.java:745)Caused by: java.lang.reflect.InvocationTargetException	at sun.reflect.NativeConstructorAccessorImpl.newInstance0(Native Method)	at sun.reflect.NativeConstructorAccessorImpl.newInstance(NativeConstructorAccessorImpl.java:57)	at sun.reflect.DelegatingConstructorAccessorImpl.newInstance(DelegatingConstructorAccessorImpl.java:45)	at java.lang.reflect.Constructor.newInstance(Constructor.java:526)	at net.thucydides.core.webdriver.WebdriverInstanceFactory.newInstanceOf(WebdriverInstanceFactory.java:28)	at net.thucydides.core.webdriver.WebDriverFactory.firefoxDriverFrom(WebDriverFactory.java:314)	at net.thucydides.core.webdriver.WebDriverFactory.newWebdriverInstance(WebDriverFactory.java:135)	... 47 moreCaused by: org.openqa.selenium.WebDriverException: Unable to bind to locking port 7054 within 45000 ms
Build info: version: &apos;2.25.0&apos;, revision: &apos;17482&apos;, time: &apos;2012-07-18 22:18:01&apos;
System info: os.name: &apos;Linux&apos;, os.arch: &apos;amd64&apos;, os.version: &apos;3.1.1&apos;, java.version: &apos;1.7.0_79&apos;
Driver info: driver.version: FirefoxDriver	at org.openqa.selenium.internal.SocketLock.lock(SocketLock.java:94)	at org.openqa.selenium.firefox.internal.NewProfileExtensionConnection.start(NewProfileExtensionConnection.java:73)	at org.openqa.selenium.firefox.FirefoxDriver.startClient(FirefoxDriver.java:245)	at org.openqa.selenium.remote.RemoteWebDriver.&lt;init&gt;(RemoteWebDriver.java:109)	at org.openqa.selenium.firefox.FirefoxDriver.&lt;init&gt;(FirefoxDriver.java:183)	at org.openqa.selenium.firefox.FirefoxDriver.&lt;init&gt;(FirefoxDriver.java:178)	at org.openqa.selenium.firefox.FirefoxDriver.&lt;init&gt;(FirefoxDriver.java:174)	at org.openqa.selenium.firefox.FirefoxDriver.&lt;init&gt;(FirefoxDriver.java:96)	... 54 more186430 [pool-1-thread-3] ERROR net.thucydides.core.webdriver.WebDriverFacade - FAILED TO CREATE NEW DRIVER INSTANCE class org.openqa.selenium.firefox.FirefoxDriver: Could not instantiate class org.openqa.selenium.firefox.FirefoxDriver
net.thucydides.core.webdriver.UnsupportedDriverException: Could not instantiate class org.openqa.selenium.firefox.FirefoxDriver	at net.thucydides.core.webdriver.WebDriverFactory.newWebdriverInstance(WebDriverFactory.java:149)	at net.thucydides.core.webdriver.WebDriverFacade.newDriverInstance(WebDriverFacade.java:87)	at net.thucydides.core.webdriver.WebDriverFacade.newProxyDriver(WebDriverFacade.java:82)	at net.thucydides.core.webdriver.WebDriverFacade.getProxiedDriver(WebDriverFacade.java:54)	at net.thucydides.core.pages.Pages.browserIsHeadless(Pages.java:141)	at net.thucydides.core.pages.Pages.openHeadlessDriverIfNotOpen(Pages.java:126)	at net.thucydides.core.pages.Pages.openBrowserIfRequiredFor(Pages.java:119)	at net.thucydides.core.pages.Pages.currentPageAt(Pages.java:107)	at com.wakaleo.gameoflife.webtests.steps.PlayerSteps.onEnterGridPage(PlayerSteps.java:61)	at com.wakaleo.gameoflife.webtests.steps.PlayerSteps.clicks_on_cell_at(PlayerSteps.java:48)	at com.wakaleo.gameoflife.webtests.steps.PlayerSteps$$EnhancerByCGLIB$$e7ad7fc9.CGLIB$clicks_on_cell_at$5(&lt;generated&gt;)	at com.wakaleo.gameoflife.webtests.steps.PlayerSteps$$EnhancerByCGLIB$$e7ad7fc9$$FastClassByCGLIB$$2f6316fe.invoke(&lt;generated&gt;)	at net.sf.cglib.proxy.MethodProxy.invokeSuper(MethodProxy.java:228)	at net.thucydides.core.steps.StepInterceptor.invokeMethod(StepInterceptor.java:285)	at net.thucydides.core.steps.StepInterceptor.runSkippedMethod(StepInterceptor.java:140)	at net.thucydides.core.steps.StepInterceptor.skipTestStep(StepInterceptor.java:130)	at net.thucydides.core.steps.StepInterceptor.testStepResult(StepInterceptor.java:121)	at net.thucydides.core.steps.StepInterceptor.intercept(StepInterceptor.java:50)	at com.wakaleo.gameoflife.webtests.steps.PlayerSteps$$EnhancerByCGLIB$$e7ad7fc9.clicks_on_cell_at(&lt;generated&gt;)	at com.wakaleo.gameoflife.webtests.WhenTheUserSpawnsTheNextGeneration.aRotatingCellSetShouldProduceTheOriginalSetOfCellsAfterTwoGenerations(WhenTheUserSpawnsTheNextGeneration.java:127)	at sun.reflect.NativeMethodAccessorImpl.invoke0(Native Method)	at sun.reflect.NativeMethodAccessorImpl.invoke(NativeMethodAccessorImpl.java:57)	at sun.reflect.DelegatingMethodAccessorImpl.invoke(DelegatingMethodAccessorImpl.java:43)	at java.lang.reflect.Method.invoke(Method.java:606)	at org.junit.runners.model.FrameworkMethod$1.runReflectiveCall(FrameworkMethod.java:45)	at org.junit.internal.runners.model.ReflectiveCallable.run(ReflectiveCallable.java:15)	at org.junit.runners.model.FrameworkMethod.invokeExplosively(FrameworkMethod.java:42)	at org.junit.internal.runners.statements.InvokeMethod.evaluate(InvokeMethod.java:20)	at net.thucydides.junit.runners.ThucydidesStatement.evaluate(ThucydidesStatement.java:21)	at org.junit.runners.ParentRunner.runLeaf(ParentRunner.java:263)	at org.junit.runners.BlockJUnit4ClassRunner.runChild(BlockJUnit4ClassRunner.java:68)	at net.thucydides.junit.runners.ThucydidesRunner.runChild(ThucydidesRunner.java:339)	at net.thucydides.junit.runners.ThucydidesRunner.runChild(ThucydidesRunner.java:56)	at org.junit.runners.ParentRunner$3.run(ParentRunner.java:231)	at org.junit.runners.ParentRunner$1.schedule(ParentRunner.java:60)	at org.junit.runners.ParentRunner.runChildren(ParentRunner.java:229)	at org.junit.runners.ParentRunner.access$000(ParentRunner.java:50)	at org.junit.runners.ParentRunner$2.evaluate(ParentRunner.java:222)	at org.junit.runners.ParentRunner.run(ParentRunner.java:300)	at net.thucydides.junit.runners.ThucydidesRunner.run(ThucydidesRunner.java:201)	at org.junit.runners.Suite.runChild(Suite.java:128)	at org.junit.runners.Suite.runChild(Suite.java:24)	at org.junit.runners.ParentRunner$3.run(ParentRunner.java:231)	at java.util.concurrent.Executors$RunnableAdapter.call(Executors.java:471)	at java.util.concurrent.FutureTask.run(FutureTask.java:262)	at java.util.concurrent.ThreadPoolExecutor.runWorker(ThreadPoolExecutor.java:1145)	at java.util.concurrent.ThreadPoolExecutor$Worker.run(ThreadPoolExecutor.java:615)	at java.lang.Thread.run(Thread.java:745)Caused by: java.lang.reflect.InvocationTargetException	at sun.reflect.NativeConstructorAccessorImpl.newInstance0(Native Method)	at sun.reflect.NativeConstructorAccessorImpl.newInstance(NativeConstructorAccessorImpl.java:57)	at sun.reflect.DelegatingConstructorAccessorImpl.newInstance(DelegatingConstructorAccessorImpl.java:45)	at java.lang.reflect.Constructor.newInstance(Constructor.java:526)	at net.thucydides.core.webdriver.WebdriverInstanceFactory.newInstanceOf(WebdriverInstanceFactory.java:28)	at net.thucydides.core.webdriver.WebDriverFactory.firefoxDriverFrom(WebDriverFactory.java:314)	at net.thucydides.core.webdriver.WebDriverFactory.newWebdriverInstance(WebDriverFactory.java:135)	... 47 moreCaused by: org.openqa.selenium.WebDriverException: Unable to bind to locking port 7054 within 45000 ms
Build info: version: &apos;2.25.0&apos;, revision: &apos;17482&apos;, time: &apos;2012-07-18 22:18:01&apos;
System info: os.name: &apos;Linux&apos;, os.arch: &apos;amd64&apos;, os.version: &apos;3.1.1&apos;, java.version: &apos;1.7.0_79&apos;
Driver info: driver.version: FirefoxDriver	at org.openqa.selenium.internal.SocketLock.lock(SocketLock.java:94)	at org.openqa.selenium.firefox.internal.NewProfileExtensionConnection.start(NewProfileExtensionConnection.java:73)	at org.openqa.selenium.firefox.FirefoxDriver.startClient(FirefoxDriver.java:245)	at org.openqa.selenium.remote.RemoteWebDriver.&lt;init&gt;(RemoteWebDriver.java:109)	at org.openqa.selenium.firefox.FirefoxDriver.&lt;init&gt;(FirefoxDriver.java:183)	at org.openqa.selenium.firefox.FirefoxDriver.&lt;init&gt;(FirefoxDriver.java:178)	at org.openqa.selenium.firefox.FirefoxDriver.&lt;init&gt;(FirefoxDriver.java:174)	at org.openqa.selenium.firefox.FirefoxDriver.&lt;init&gt;(FirefoxDriver.java:96)	... 54 more231890 [pool-1-thread-3] ERROR net.thucydides.core.webdriver.WebDriverFacade - FAILED TO CREATE NEW DRIVER INSTANCE class org.openqa.selenium.firefox.FirefoxDriver: Could not instantiate class org.openqa.selenium.firefox.FirefoxDriver
net.thucydides.core.webdriver.UnsupportedDriverException: Could not instantiate class org.openqa.selenium.firefox.FirefoxDriver	at net.thucydides.core.webdriver.WebDriverFactory.newWebdriverInstance(WebDriverFactory.java:149)	at net.thucydides.core.webdriver.WebDriverFacade.newDriverInstance(WebDriverFacade.java:87)	at net.thucydides.core.webdriver.WebDriverFacade.newProxyDriver(WebDriverFacade.java:82)	at net.thucydides.core.webdriver.WebDriverFacade.getProxiedDriver(WebDriverFacade.java:54)	at net.thucydides.core.pages.Pages.browserIsHeadless(Pages.java:141)	at net.thucydides.core.pages.Pages.openHeadlessDriverIfNotOpen(Pages.java:126)	at net.thucydides.core.pages.Pages.openBrowserIfRequiredFor(Pages.java:119)	at net.thucydides.core.pages.Pages.currentPageAt(Pages.java:107)	at com.wakaleo.gameoflife.webtests.steps.PlayerSteps.onEnterGridPage(PlayerSteps.java:61)	at com.wakaleo.gameoflife.webtests.steps.PlayerSteps.clicks_on_cell_at(PlayerSteps.java:48)	at com.wakaleo.gameoflife.webtests.steps.PlayerSteps$$EnhancerByCGLIB$$e7ad7fc9.CGLIB$clicks_on_cell_at$5(&lt;generated&gt;)	at com.wakaleo.gameoflife.webtests.steps.PlayerSteps$$EnhancerByCGLIB$$e7ad7fc9$$FastClassByCGLIB$$2f6316fe.invoke(&lt;generated&gt;)	at net.sf.cglib.proxy.MethodProxy.invokeSuper(MethodProxy.java:228)	at net.thucydides.core.steps.StepInterceptor.invokeMethod(StepInterceptor.java:285)	at net.thucydides.core.steps.StepInterceptor.runSkippedMethod(StepInterceptor.java:140)	at net.thucydides.core.steps.StepInterceptor.skipTestStep(StepInterceptor.java:130)	at net.thucydides.core.steps.StepInterceptor.testStepResult(StepInterceptor.java:121)	at net.thucydides.core.steps.StepInterceptor.intercept(StepInterceptor.java:50)	at com.wakaleo.gameoflife.webtests.steps.PlayerSteps$$EnhancerByCGLIB$$e7ad7fc9.clicks_on_cell_at(&lt;generated&gt;)	at com.wakaleo.gameoflife.webtests.WhenTheUserSpawnsTheNextGeneration.aRotatingCellSetShouldProduceTheOriginalSetOfCellsAfterTwoGenerations(WhenTheUserSpawnsTheNextGeneration.java:128)	at sun.reflect.NativeMethodAccessorImpl.invoke0(Native Method)	at sun.reflect.NativeMethodAccessorImpl.invoke(NativeMethodAccessorImpl.java:57)	at sun.reflect.DelegatingMethodAccessorImpl.invoke(DelegatingMethodAccessorImpl.java:43)	at java.lang.reflect.Method.invoke(Method.java:606)	at org.junit.runners.model.FrameworkMethod$1.runReflectiveCall(FrameworkMethod.java:45)	at org.junit.internal.runners.model.ReflectiveCallable.run(ReflectiveCallable.java:15)	at org.junit.runners.model.FrameworkMethod.invokeExplosively(FrameworkMethod.java:42)	at org.junit.internal.runners.statements.InvokeMethod.evaluate(InvokeMethod.java:20)	at net.thucydides.junit.runners.ThucydidesStatement.evaluate(ThucydidesStatement.java:21)	at org.junit.runners.ParentRunner.runLeaf(ParentRunner.java:263)	at org.junit.runners.BlockJUnit4ClassRunner.runChild(BlockJUnit4ClassRunner.java:68)	at net.thucydides.junit.runners.ThucydidesRunner.runChild(ThucydidesRunner.java:339)	at net.thucydides.junit.runners.ThucydidesRunner.runChild(ThucydidesRunner.java:56)	at org.junit.runners.ParentRunner$3.run(ParentRunner.java:231)	at org.junit.runners.ParentRunner$1.schedule(ParentRunner.java:60)	at org.junit.runners.ParentRunner.runChildren(ParentRunner.java:229)	at org.junit.runners.ParentRunner.access$000(ParentRunner.java:50)	at org.junit.runners.ParentRunner$2.evaluate(ParentRunner.java:222)	at org.junit.runners.ParentRunner.run(ParentRunner.java:300)	at net.thucydides.junit.runners.ThucydidesRunner.run(ThucydidesRunner.java:201)	at org.junit.runners.Suite.runChild(Suite.java:128)	at org.junit.runners.Suite.runChild(Suite.java:24)	at org.junit.runners.ParentRunner$3.run(ParentRunner.java:231)	at java.util.concurrent.Executors$RunnableAdapter.call(Executors.java:471)	at java.util.concurrent.FutureTask.run(FutureTask.java:262)	at java.util.concurrent.ThreadPoolExecutor.runWorker(ThreadPoolExecutor.java:1145)	at java.util.concurrent.ThreadPoolExecutor$Worker.run(ThreadPoolExecutor.java:615)	at java.lang.Thread.run(Thread.java:745)Caused by: java.lang.reflect.InvocationTargetException	at sun.reflect.NativeConstructorAccessorImpl.newInstance0(Native Method)	at sun.reflect.NativeConstructorAccessorImpl.newInstance(NativeConstructorAccessorImpl.java:57)	at sun.reflect.DelegatingConstructorAccessorImpl.newInstance(DelegatingConstructorAccessorImpl.java:45)	at java.lang.reflect.Constructor.newInstance(Constructor.java:526)	at net.thucydides.core.webdriver.WebdriverInstanceFactory.newInstanceOf(WebdriverInstanceFactory.java:28)	at net.thucydides.core.webdriver.WebDriverFactory.firefoxDriverFrom(WebDriverFactory.java:314)	at net.thucydides.core.webdriver.WebDriverFactory.newWebdriverInstance(WebDriverFactory.java:135)	... 47 moreCaused by: org.openqa.selenium.WebDriverException: Unable to bind to locking port 7054 within 45000 ms
Build info: version: &apos;2.25.0&apos;, revision: &apos;17482&apos;, time: &apos;2012-07-18 22:18:01&apos;
System info: os.name: &apos;Linux&apos;, os.arch: &apos;amd64&apos;, os.version: &apos;3.1.1&apos;, java.version: &apos;1.7.0_79&apos;
Driver info: driver.version: FirefoxDriver	at org.openqa.selenium.internal.SocketLock.lock(SocketLock.java:94)	at org.openqa.selenium.firefox.internal.NewProfileExtensionConnection.start(NewProfileExtensionConnection.java:73)	at org.openqa.selenium.firefox.FirefoxDriver.startClient(FirefoxDriver.java:245)	at org.openqa.selenium.remote.RemoteWebDriver.&lt;init&gt;(RemoteWebDriver.java:109)	at org.openqa.selenium.firefox.FirefoxDriver.&lt;init&gt;(FirefoxDriver.java:183)	at org.openqa.selenium.firefox.FirefoxDriver.&lt;init&gt;(FirefoxDriver.java:178)	at org.openqa.selenium.firefox.FirefoxDriver.&lt;init&gt;(FirefoxDriver.java:174)	at org.openqa.selenium.firefox.FirefoxDriver.&lt;init&gt;(FirefoxDriver.java:96)	... 54 more277103 [pool-1-thread-3] ERROR net.thucydides.core.webdriver.WebDriverFacade - FAILED TO CREATE NEW DRIVER INSTANCE class org.openqa.selenium.firefox.FirefoxDriver: Could not instantiate class org.openqa.selenium.firefox.FirefoxDriver
net.thucydides.core.webdriver.UnsupportedDriverException: Could not instantiate class org.openqa.selenium.firefox.FirefoxDriver	at net.thucydides.core.webdriver.WebDriverFactory.newWebdriverInstance(WebDriverFactory.java:149)	at net.thucydides.core.webdriver.WebDriverFacade.newDriverInstance(WebDriverFacade.java:87)	at net.thucydides.core.webdriver.WebDriverFacade.newProxyDriver(WebDriverFacade.java:82)	at net.thucydides.core.webdriver.WebDriverFacade.getProxiedDriver(WebDriverFacade.java:54)	at net.thucydides.core.pages.Pages.browserIsHeadless(Pages.java:141)	at net.thucydides.core.pages.Pages.openHeadlessDriverIfNotOpen(Pages.java:126)	at net.thucydides.core.pages.Pages.openBrowserIfRequiredFor(Pages.java:119)	at net.thucydides.core.pages.Pages.currentPageAt(Pages.java:107)	at com.wakaleo.gameoflife.webtests.steps.PlayerSteps.onEnterGridPage(PlayerSteps.java:61)	at com.wakaleo.gameoflife.webtests.steps.PlayerSteps.starts_simulation(PlayerSteps.java:43)	at com.wakaleo.gameoflife.webtests.steps.PlayerSteps$$EnhancerByCGLIB$$e7ad7fc9.CGLIB$starts_simulation$3(&lt;generated&gt;)	at com.wakaleo.gameoflife.webtests.steps.PlayerSteps$$EnhancerByCGLIB$$e7ad7fc9$$FastClassByCGLIB$$2f6316fe.invoke(&lt;generated&gt;)	at net.sf.cglib.proxy.MethodProxy.invokeSuper(MethodProxy.java:228)	at net.thucydides.core.steps.StepInterceptor.invokeMethod(StepInterceptor.java:285)	at net.thucydides.core.steps.StepInterceptor.runSkippedMethod(StepInterceptor.java:140)	at net.thucydides.core.steps.StepInterceptor.skipTestStep(StepInterceptor.java:130)	at net.thucydides.core.steps.StepInterceptor.testStepResult(StepInterceptor.java:121)	at net.thucydides.core.steps.StepInterceptor.intercept(StepInterceptor.java:50)	at com.wakaleo.gameoflife.webtests.steps.PlayerSteps$$EnhancerByCGLIB$$e7ad7fc9.starts_simulation(&lt;generated&gt;)	at com.wakaleo.gameoflife.webtests.WhenTheUserSpawnsTheNextGeneration.aRotatingCellSetShouldProduceTheOriginalSetOfCellsAfterTwoGenerations(WhenTheUserSpawnsTheNextGeneration.java:129)	at sun.reflect.NativeMethodAccessorImpl.invoke0(Native Method)	at sun.reflect.NativeMethodAccessorImpl.invoke(NativeMethodAccessorImpl.java:57)	at sun.reflect.DelegatingMethodAccessorImpl.invoke(DelegatingMethodAccessorImpl.java:43)	at java.lang.reflect.Method.invoke(Method.java:606)	at org.junit.runners.model.FrameworkMethod$1.runReflectiveCall(FrameworkMethod.java:45)	at org.junit.internal.runners.model.ReflectiveCallable.run(ReflectiveCallable.java:15)	at org.junit.runners.model.FrameworkMethod.invokeExplosively(FrameworkMethod.java:42)	at org.junit.internal.runners.statements.InvokeMethod.evaluate(InvokeMethod.java:20)	at net.thucydides.junit.runners.ThucydidesStatement.evaluate(ThucydidesStatement.java:21)	at org.junit.runners.ParentRunner.runLeaf(ParentRunner.java:263)	at org.junit.runners.BlockJUnit4ClassRunner.runChild(BlockJUnit4ClassRunner.java:68)	at net.thucydides.junit.runners.ThucydidesRunner.runChild(ThucydidesRunner.java:339)	at net.thucydides.junit.runners.ThucydidesRunner.runChild(ThucydidesRunner.java:56)	at org.junit.runners.ParentRunner$3.run(ParentRunner.java:231)	at org.junit.runners.ParentRunner$1.schedule(ParentRunner.java:60)	at org.junit.runners.ParentRunner.runChildren(ParentRunner.java:229)	at org.junit.runners.ParentRunner.access$000(ParentRunner.java:50)	at org.junit.runners.ParentRunner$2.evaluate(ParentRunner.java:222)	at org.junit.runners.ParentRunner.run(ParentRunner.java:300)	at net.thucydides.junit.runners.ThucydidesRunner.run(ThucydidesRunner.java:201)	at org.junit.runners.Suite.runChild(Suite.java:128)	at org.junit.runners.Suite.runChild(Suite.java:24)	at org.junit.runners.ParentRunner$3.run(ParentRunner.java:231)	at java.util.concurrent.Executors$RunnableAdapter.call(Executors.java:471)	at java.util.concurrent.FutureTask.run(FutureTask.java:262)	at java.util.concurrent.ThreadPoolExecutor.runWorker(ThreadPoolExecutor.java:1145)	at java.util.concurrent.ThreadPoolExecutor$Worker.run(ThreadPoolExecutor.java:615)	at java.lang.Thread.run(Thread.java:745)Caused by: java.lang.reflect.InvocationTargetException	at sun.reflect.NativeConstructorAccessorImpl.newInstance0(Native Method)	at sun.reflect.NativeConstructorAccessorImpl.newInstance(NativeConstructorAccessorImpl.java:57)	at sun.reflect.DelegatingConstructorAccessorImpl.newInstance(DelegatingConstructorAccessorImpl.java:45)	at java.lang.reflect.Constructor.newInstance(Constructor.java:526)	at net.thucydides.core.webdriver.WebdriverInstanceFactory.newInstanceOf(WebdriverInstanceFactory.java:28)	at net.thucydides.core.webdriver.WebDriverFactory.firefoxDriverFrom(WebDriverFactory.java:314)	at net.thucydides.core.webdriver.WebDriverFactory.newWebdriverInstance(WebDriverFactory.java:135)	... 47 moreCaused by: org.openqa.selenium.WebDriverException: Unable to bind to locking port 7054 within 45000 ms
Build info: version: &apos;2.25.0&apos;, revision: &apos;17482&apos;, time: &apos;2012-07-18 22:18:01&apos;
System info: os.name: &apos;Linux&apos;, os.arch: &apos;amd64&apos;, os.version: &apos;3.1.1&apos;, java.version: &apos;1.7.0_79&apos;
Driver info: driver.version: FirefoxDriver	at org.openqa.selenium.internal.SocketLock.lock(SocketLock.java:94)	at org.openqa.selenium.firefox.internal.NewProfileExtensionConnection.start(NewProfileExtensionConnection.java:73)	at org.openqa.selenium.firefox.FirefoxDriver.startClient(FirefoxDriver.java:245)	at org.openqa.selenium.remote.RemoteWebDriver.&lt;init&gt;(RemoteWebDriver.java:109)	at org.openqa.selenium.firefox.FirefoxDriver.&lt;init&gt;(FirefoxDriver.java:183)	at org.openqa.selenium.firefox.FirefoxDriver.&lt;init&gt;(FirefoxDriver.java:178)	at org.openqa.selenium.firefox.FirefoxDriver.&lt;init&gt;(FirefoxDriver.java:174)	at org.openqa.selenium.firefox.FirefoxDriver.&lt;init&gt;(FirefoxDriver.java:96)	... 54 more322286 [pool-1-thread-3] ERROR net.thucydides.core.webdriver.WebDriverFacade - FAILED TO CREATE NEW DRIVER INSTANCE class org.openqa.selenium.firefox.FirefoxDriver: Could not instantiate class org.openqa.selenium.firefox.FirefoxDriver
net.thucydides.core.webdriver.UnsupportedDriverException: Could not instantiate class org.openqa.selenium.firefox.FirefoxDriver	at net.thucydides.core.webdriver.WebDriverFactory.newWebdriverInstance(WebDriverFactory.java:149)	at net.thucydides.core.webdriver.WebDriverFacade.newDriverInstance(WebDriverFacade.java:87)	at net.thucydides.core.webdriver.WebDriverFacade.newProxyDriver(WebDriverFacade.java:82)	at net.thucydides.core.webdriver.WebDriverFacade.getProxiedDriver(WebDriverFacade.java:54)	at net.thucydides.core.pages.Pages.browserIsHeadless(Pages.java:141)	at net.thucydides.core.pages.Pages.openHeadlessDriverIfNotOpen(Pages.java:126)	at net.thucydides.core.pages.Pages.openBrowserIfRequiredFor(Pages.java:119)	at net.thucydides.core.pages.Pages.currentPageAt(Pages.java:107)	at com.wakaleo.gameoflife.webtests.steps.PlayerSteps.onShowGridPage(PlayerSteps.java:65)	at com.wakaleo.gameoflife.webtests.steps.PlayerSteps.should_see_grid(PlayerSteps.java:38)	at com.wakaleo.gameoflife.webtests.steps.PlayerSteps$$EnhancerByCGLIB$$e7ad7fc9.CGLIB$should_see_grid$4(&lt;generated&gt;)	at com.wakaleo.gameoflife.webtests.steps.PlayerSteps$$EnhancerByCGLIB$$e7ad7fc9$$FastClassByCGLIB$$2f6316fe.invoke(&lt;generated&gt;)	at net.sf.cglib.proxy.MethodProxy.invokeSuper(MethodProxy.java:228)	at net.thucydides.core.steps.StepInterceptor.invokeMethod(StepInterceptor.java:285)	at net.thucydides.core.steps.StepInterceptor.runSkippedMethod(StepInterceptor.java:140)	at net.thucydides.core.steps.StepInterceptor.skipTestStep(StepInterceptor.java:130)	at net.thucydides.core.steps.StepInterceptor.testStepResult(StepInterceptor.java:121)	at net.thucydides.core.steps.StepInterceptor.intercept(StepInterceptor.java:50)	at com.wakaleo.gameoflife.webtests.steps.PlayerSteps$$EnhancerByCGLIB$$e7ad7fc9.should_see_grid(&lt;generated&gt;)	at com.wakaleo.gameoflife.webtests.WhenTheUserSpawnsTheNextGeneration.aRotatingCellSetShouldProduceTheOriginalSetOfCellsAfterTwoGenerations(WhenTheUserSpawnsTheNextGeneration.java:132)	at sun.reflect.NativeMethodAccessorImpl.invoke0(Native Method)	at sun.reflect.NativeMethodAccessorImpl.invoke(NativeMethodAccessorImpl.java:57)	at sun.reflect.DelegatingMethodAccessorImpl.invoke(DelegatingMethodAccessorImpl.java:43)	at java.lang.reflect.Method.invoke(Method.java:606)	at org.junit.runners.model.FrameworkMethod$1.runReflectiveCall(FrameworkMethod.java:45)	at org.junit.internal.runners.model.ReflectiveCallable.run(ReflectiveCallable.java:15)	at org.junit.runners.model.FrameworkMethod.invokeExplosively(FrameworkMethod.java:42)	at org.junit.internal.runners.statements.InvokeMethod.evaluate(InvokeMethod.java:20)	at net.thucydides.junit.runners.ThucydidesStatement.evaluate(ThucydidesStatement.java:21)	at org.junit.runners.ParentRunner.runLeaf(ParentRunner.java:263)	at org.junit.runners.BlockJUnit4ClassRunner.runChild(BlockJUnit4ClassRunner.java:68)	at net.thucydides.junit.runners.ThucydidesRunner.runChild(ThucydidesRunner.java:339)	at net.thucydides.junit.runners.ThucydidesRunner.runChild(ThucydidesRunner.java:56)	at org.junit.runners.ParentRunner$3.run(ParentRunner.java:231)	at org.junit.runners.ParentRunner$1.schedule(ParentRunner.java:60)	at org.junit.runners.ParentRunner.runChildren(ParentRunner.java:229)	at org.junit.runners.ParentRunner.access$000(ParentRunner.java:50)	at org.junit.runners.ParentRunner$2.evaluate(ParentRunner.java:222)	at org.junit.runners.ParentRunner.run(ParentRunner.java:300)	at net.thucydides.junit.runners.ThucydidesRunner.run(ThucydidesRunner.java:201)	at org.junit.runners.Suite.runChild(Suite.java:128)	at org.junit.runners.Suite.runChild(Suite.java:24)	at org.junit.runners.ParentRunner$3.run(ParentRunner.java:231)	at java.util.concurrent.Executors$RunnableAdapter.call(Executors.java:471)	at java.util.concurrent.FutureTask.run(FutureTask.java:262)	at java.util.concurrent.ThreadPoolExecutor.runWorker(ThreadPoolExecutor.java:1145)	at java.util.concurrent.ThreadPoolExecutor$Worker.run(ThreadPoolExecutor.java:615)	at java.lang.Thread.run(Thread.java:745)Caused by: java.lang.reflect.InvocationTargetException	at sun.reflect.NativeConstructorAccessorImpl.newInstance0(Native Method)	at sun.reflect.NativeConstructorAccessorImpl.newInstance(NativeConstructorAccessorImpl.java:57)	at sun.reflect.DelegatingConstructorAccessorImpl.newInstance(DelegatingConstructorAccessorImpl.java:45)	at java.lang.reflect.Constructor.newInstance(Constructor.java:526)	at net.thucydides.core.webdriver.WebdriverInstanceFactory.newInstanceOf(WebdriverInstanceFactory.java:28)	at net.thucydides.core.webdriver.WebDriverFactory.firefoxDriverFrom(WebDriverFactory.java:314)	at net.thucydides.core.webdriver.WebDriverFactory.newWebdriverInstance(WebDriverFactory.java:135)	... 47 moreCaused by: org.openqa.selenium.WebDriverException: Unable to bind to locking port 7054 within 45000 ms
Build info: version: &apos;2.25.0&apos;, revision: &apos;17482&apos;, time: &apos;2012-07-18 22:18:01&apos;
System info: os.name: &apos;Linux&apos;, os.arch: &apos;amd64&apos;, os.version: &apos;3.1.1&apos;, java.version: &apos;1.7.0_79&apos;
Driver info: driver.version: FirefoxDriver	at org.openqa.selenium.internal.SocketLock.lock(SocketLock.java:94)	at org.openqa.selenium.firefox.internal.NewProfileExtensionConnection.start(NewProfileExtensionConnection.java:73)	at org.openqa.selenium.firefox.FirefoxDriver.startClient(FirefoxDriver.java:245)	at org.openqa.selenium.remote.RemoteWebDriver.&lt;init&gt;(RemoteWebDriver.java:109)	at org.openqa.selenium.firefox.FirefoxDriver.&lt;init&gt;(FirefoxDriver.java:183)	at org.openqa.selenium.firefox.FirefoxDriver.&lt;init&gt;(FirefoxDriver.java:178)	at org.openqa.selenium.firefox.FirefoxDriver.&lt;init&gt;(FirefoxDriver.java:174)	at org.openqa.selenium.firefox.FirefoxDriver.&lt;init&gt;(FirefoxDriver.java:96)	... 54 more322295 [pool-1-thread-3] INFO net.thucydides.core.Thucydides - 
           __  _____ _____ ____ _____   _____ _    ___ _     _____ ____  
  _       / / |_   _| ____/ ___|_   _| |  ___/ \  |_ _| |   | ____|  _ \ 
 (_)_____| |    | | |  _| \___ \ | |   | |_ / _ \  | || |   |  _| | | | |
  _|_____| |    | | | |___ ___) || |   |  _/ ___ \ | || |___| |___| |_| |
 (_)     | |    |_| |_____|____/ |_|   |_|/_/   \_\___|_____|_____|____/ 
          \_\                                                            

TEST FAILED: A rotating cell set should produce the original set of cells after two generations
--------------------------------------------------------------------------
322295 [pool-1-thread-3] INFO net.thucydides.core.Thucydides - RELATED ISSUES: 
322295 [pool-1-thread-3] INFO net.thucydides.core.Thucydides - 
  _____ _    ___ _     _   _ ____  _____ 
 |  ___/ \  |_ _| |   | | | |  _ \| ____|
 | |_ / _ \  | || |   | | | | |_) |  _|  
 |  _/ ___ \ | || |___| |_| |  _ &lt;| |___ 
 |_|/_/   \_\___|_____|\___/|_| \_\_____|
                                         

Could not instantiate class org.openqa.selenium.firefox.FirefoxDriver
322296 [pool-1-thread-3] INFO net.thucydides.core.Thucydides - 
           __  _____ _____ ____ _____   _____ _    ___ _     _____ ____  
  _       / / |_   _| ____/ ___|_   _| |  ___/ \  |_ _| |   | ____|  _ \ 
 (_)_____| |    | | |  _| \___ \ | |   | |_ / _ \  | || |   |  _| | | | |
  _|_____| |    | | | |___ ___) || |   |  _/ ___ \ | || |___| |___| |_| |
 (_)     | |    |_| |_____|____/ |_|   |_|/_/   \_\___|_____|_____|____/ 
          \_\                                                            

TEST FAILED: A rotating cell set should produce the original set of cells after two generations
--------------------------------------------------------------------------
322296 [pool-1-thread-3] INFO net.thucydides.core.Thucydides - RELATED ISSUES: 
322297 [pool-1-thread-3] INFO net.thucydides.core.Thucydides - 
  _____ _    ___ _     _   _ ____  _____ 
 |  ___/ \  |_ _| |   | | | |  _ \| ____|
 | |_ / _ \  | || |   | | | | |_) |  _|  
 |  _/ ___ \ | || |___| |_| |  _ &lt;| |___ 
 |_|/_/   \_\___|_____|\___/|_| \_\_____|
                                         

Could not instantiate class org.openqa.selenium.firefox.FirefoxDriver
</system-err>
  </testcase>
  <testcase time="0.713" classname="com.wakaleo.gameoflife.webtests.WhenTheUserSpawnsTheNextGeneration" name="aRotatingCellSetShouldProduceTheOriginalSetOfCellsAfterThreeGenerations">
    <failure message="Could not instantiate class org.openqa.selenium.firefox.FirefoxDriver" type="net.thucydides.core.webdriver.WebdriverAssertionError">net.thucydides.core.webdriver.WebdriverAssertionError: Could not instantiate class org.openqa.selenium.firefox.FirefoxDriver
	at net.thucydides.core.webdriver.WebDriverFacade.newDriverInstance(WebDriverFacade.java:90)
	at net.thucydides.core.webdriver.WebDriverFacade.newProxyDriver(WebDriverFacade.java:82)
	at net.thucydides.core.webdriver.WebDriverFacade.getProxiedDriver(WebDriverFacade.java:54)
	at net.thucydides.core.pages.Pages.browserIsHeadless(Pages.java:141)
	at net.thucydides.core.pages.Pages.openHeadlessDriverIfNotOpen(Pages.java:126)
	at net.thucydides.core.pages.Pages.openBrowserIfRequiredFor(Pages.java:119)
	at net.thucydides.core.pages.Pages.currentPageAt(Pages.java:107)
	at com.wakaleo.gameoflife.webtests.steps.PlayerSteps.onHomePage(PlayerSteps.java:57)
	at com.wakaleo.gameoflife.webtests.steps.PlayerSteps.opens_home_page(PlayerSteps.java:18)
	at com.wakaleo.gameoflife.webtests.steps.PlayerSteps$$EnhancerByCGLIB$$e7ad7fc9.CGLIB$opens_home_page$0(&lt;generated&gt;)
	at com.wakaleo.gameoflife.webtests.steps.PlayerSteps$$EnhancerByCGLIB$$e7ad7fc9$$FastClassByCGLIB$$2f6316fe.invoke(&lt;generated&gt;)
	at net.sf.cglib.proxy.MethodProxy.invokeSuper(MethodProxy.java:228)
	at net.thucydides.core.steps.StepInterceptor.executeTestStepMethod(StepInterceptor.java:273)
	at net.thucydides.core.steps.StepInterceptor.runTestStep(StepInterceptor.java:252)
	at net.thucydides.core.steps.StepInterceptor.testStepResult(StepInterceptor.java:124)
	at net.thucydides.core.steps.StepInterceptor.intercept(StepInterceptor.java:50)
	at com.wakaleo.gameoflife.webtests.steps.PlayerSteps$$EnhancerByCGLIB$$e7ad7fc9.opens_home_page(&lt;generated&gt;)
	at com.wakaleo.gameoflife.webtests.WhenTheUserSpawnsTheNextGeneration.aRotatingCellSetShouldProduceTheOriginalSetOfCellsAfterThreeGenerations(WhenTheUserSpawnsTheNextGeneration.java:141)
	at sun.reflect.NativeMethodAccessorImpl.invoke0(Native Method)
	at sun.reflect.NativeMethodAccessorImpl.invoke(NativeMethodAccessorImpl.java:57)
	at sun.reflect.DelegatingMethodAccessorImpl.invoke(DelegatingMethodAccessorImpl.java:43)
	at java.lang.reflect.Method.invoke(Method.java:606)
	at org.junit.runners.model.FrameworkMethod$1.runReflectiveCall(FrameworkMethod.java:45)
	at org.junit.internal.runners.model.ReflectiveCallable.run(ReflectiveCallable.java:15)
	at org.junit.runners.model.FrameworkMethod.invokeExplosively(FrameworkMethod.java:42)
	at org.junit.internal.runners.statements.InvokeMethod.evaluate(InvokeMethod.java:20)
	at net.thucydides.junit.runners.ThucydidesStatement.evaluate(ThucydidesStatement.java:21)
	at org.junit.runners.ParentRunner.runLeaf(ParentRunner.java:263)
	at org.junit.runners.BlockJUnit4ClassRunner.runChild(BlockJUnit4ClassRunner.java:68)
	at net.thucydides.junit.runners.ThucydidesRunner.runChild(ThucydidesRunner.java:339)
	at net.thucydides.junit.runners.ThucydidesRunner.runChild(ThucydidesRunner.java:56)
	at org.junit.runners.ParentRunner$3.run(ParentRunner.java:231)
	at org.junit.runners.ParentRunner$1.schedule(ParentRunner.java:60)
	at org.junit.runners.ParentRunner.runChildren(ParentRunner.java:229)
	at org.junit.runners.ParentRunner.access$000(ParentRunner.java:50)
	at org.junit.runners.ParentRunner$2.evaluate(ParentRunner.java:222)
	at org.junit.runners.ParentRunner.run(ParentRunner.java:300)
	at net.thucydides.junit.runners.ThucydidesRunner.run(ThucydidesRunner.java:201)
	at org.junit.runners.Suite.runChild(Suite.java:128)
	at org.junit.runners.Suite.runChild(Suite.java:24)
	at org.junit.runners.ParentRunner$3.run(ParentRunner.java:231)
	at java.util.concurrent.Executors$RunnableAdapter.call(Executors.java:471)
	at java.util.concurrent.FutureTask.run(FutureTask.java:262)
	at java.util.concurrent.ThreadPoolExecutor.runWorker(ThreadPoolExecutor.java:1145)
	at java.util.concurrent.ThreadPoolExecutor$Worker.run(ThreadPoolExecutor.java:615)
	at java.lang.Thread.run(Thread.java:745)
</failure>
    <system-err>322301 [pool-1-thread-3] INFO net.thucydides.core.Thucydides - 
  _____ _____ ____ _____   ____ _____  _    ____ _____ _____ ____  
 |_   _| ____/ ___|_   _| / ___|_   _|/ \  |  _ \_   _| ____|  _ \ 
   | | |  _| \___ \ | |   \___ \ | | / _ \ | |_) || | |  _| | | | |
   | | | |___ ___) || |    ___) || |/ ___ \|  _ &lt; | | | |___| |_| |
   |_| |_____|____/ |_|   |____/ |_/_/   \_\_| \_\|_| |_____|____/ 
                                                                   

TEST STARTED: aRotatingCellSetShouldProduceTheOriginalSetOfCellsAfterThreeGenerations
--------------------------------------------------------------------
322301 [pool-1-thread-3] INFO net.thucydides.core.Thucydides - TEST NUMBER: 5
322301 [pool-1-thread-3] INFO net.thucydides.core.Thucydides - 
  _____ _____ ____ _____   ____ _____  _    ____ _____ _____ ____  
 |_   _| ____/ ___|_   _| / ___|_   _|/ \  |  _ \_   _| ____|  _ \ 
   | | |  _| \___ \ | |   \___ \ | | / _ \ | |_) || | |  _| | | | |
   | | | |___ ___) || |    ___) || |/ ___ \|  _ &lt; | | | |___| |_| |
   |_| |_____|____/ |_|   |____/ |_/_/   \_\_| \_\|_| |_____|____/ 
                                                                   

TEST STARTED: aRotatingCellSetShouldProduceTheOriginalSetOfCellsAfterThreeGenerations
--------------------------------------------------------------------
322301 [pool-1-thread-3] INFO net.thucydides.core.Thucydides - TEST NUMBER: 6
367507 [pool-1-thread-3] ERROR net.thucydides.core.webdriver.WebDriverFacade - FAILED TO CREATE NEW DRIVER INSTANCE class org.openqa.selenium.firefox.FirefoxDriver: Could not instantiate class org.openqa.selenium.firefox.FirefoxDriver
net.thucydides.core.webdriver.UnsupportedDriverException: Could not instantiate class org.openqa.selenium.firefox.FirefoxDriver	at net.thucydides.core.webdriver.WebDriverFactory.newWebdriverInstance(WebDriverFactory.java:149)	at net.thucydides.core.webdriver.WebDriverFacade.newDriverInstance(WebDriverFacade.java:87)	at net.thucydides.core.webdriver.WebDriverFacade.newProxyDriver(WebDriverFacade.java:82)	at net.thucydides.core.webdriver.WebDriverFacade.getProxiedDriver(WebDriverFacade.java:54)	at net.thucydides.core.pages.Pages.browserIsHeadless(Pages.java:141)	at net.thucydides.core.pages.Pages.openHeadlessDriverIfNotOpen(Pages.java:126)	at net.thucydides.core.pages.Pages.openBrowserIfRequiredFor(Pages.java:119)	at net.thucydides.core.pages.Pages.currentPageAt(Pages.java:107)	at com.wakaleo.gameoflife.webtests.steps.PlayerSteps.onHomePage(PlayerSteps.java:57)	at com.wakaleo.gameoflife.webtests.steps.PlayerSteps.opens_home_page(PlayerSteps.java:18)	at com.wakaleo.gameoflife.webtests.steps.PlayerSteps$$EnhancerByCGLIB$$e7ad7fc9.CGLIB$opens_home_page$0(&lt;generated&gt;)	at com.wakaleo.gameoflife.webtests.steps.PlayerSteps$$EnhancerByCGLIB$$e7ad7fc9$$FastClassByCGLIB$$2f6316fe.invoke(&lt;generated&gt;)	at net.sf.cglib.proxy.MethodProxy.invokeSuper(MethodProxy.java:228)	at net.thucydides.core.steps.StepInterceptor.executeTestStepMethod(StepInterceptor.java:273)	at net.thucydides.core.steps.StepInterceptor.runTestStep(StepInterceptor.java:252)	at net.thucydides.core.steps.StepInterceptor.testStepResult(StepInterceptor.java:124)	at net.thucydides.core.steps.StepInterceptor.intercept(StepInterceptor.java:50)	at com.wakaleo.gameoflife.webtests.steps.PlayerSteps$$EnhancerByCGLIB$$e7ad7fc9.opens_home_page(&lt;generated&gt;)	at com.wakaleo.gameoflife.webtests.WhenTheUserSpawnsTheNextGeneration.aRotatingCellSetShouldProduceTheOriginalSetOfCellsAfterThreeGenerations(WhenTheUserSpawnsTheNextGeneration.java:141)	at sun.reflect.NativeMethodAccessorImpl.invoke0(Native Method)	at sun.reflect.NativeMethodAccessorImpl.invoke(NativeMethodAccessorImpl.java:57)	at sun.reflect.DelegatingMethodAccessorImpl.invoke(DelegatingMethodAccessorImpl.java:43)	at java.lang.reflect.Method.invoke(Method.java:606)	at org.junit.runners.model.FrameworkMethod$1.runReflectiveCall(FrameworkMethod.java:45)	at org.junit.internal.runners.model.ReflectiveCallable.run(ReflectiveCallable.java:15)	at org.junit.runners.model.FrameworkMethod.invokeExplosively(FrameworkMethod.java:42)	at org.junit.internal.runners.statements.InvokeMethod.evaluate(InvokeMethod.java:20)	at net.thucydides.junit.runners.ThucydidesStatement.evaluate(ThucydidesStatement.java:21)	at org.junit.runners.ParentRunner.runLeaf(ParentRunner.java:263)	at org.junit.runners.BlockJUnit4ClassRunner.runChild(BlockJUnit4ClassRunner.java:68)	at net.thucydides.junit.runners.ThucydidesRunner.runChild(ThucydidesRunner.java:339)	at net.thucydides.junit.runners.ThucydidesRunner.runChild(ThucydidesRunner.java:56)	at org.junit.runners.ParentRunner$3.run(ParentRunner.java:231)	at org.junit.runners.ParentRunner$1.schedule(ParentRunner.java:60)	at org.junit.runners.ParentRunner.runChildren(ParentRunner.java:229)	at org.junit.runners.ParentRunner.access$000(ParentRunner.java:50)	at org.junit.runners.ParentRunner$2.evaluate(ParentRunner.java:222)	at org.junit.runners.ParentRunner.run(ParentRunner.java:300)	at net.thucydides.junit.runners.ThucydidesRunner.run(ThucydidesRunner.java:201)	at org.junit.runners.Suite.runChild(Suite.java:128)	at org.junit.runners.Suite.runChild(Suite.java:24)	at org.junit.runners.ParentRunner$3.run(ParentRunner.java:231)	at java.util.concurrent.Executors$RunnableAdapter.call(Executors.java:471)	at java.util.concurrent.FutureTask.run(FutureTask.java:262)	at java.util.concurrent.ThreadPoolExecutor.runWorker(ThreadPoolExecutor.java:1145)	at java.util.concurrent.ThreadPoolExecutor$Worker.run(ThreadPoolExecutor.java:615)	at java.lang.Thread.run(Thread.java:745)Caused by: java.lang.reflect.InvocationTargetException	at sun.reflect.GeneratedConstructorAccessor39.newInstance(Unknown Source)	at sun.reflect.DelegatingConstructorAccessorImpl.newInstance(DelegatingConstructorAccessorImpl.java:45)	at java.lang.reflect.Constructor.newInstance(Constructor.java:526)	at net.thucydides.core.webdriver.WebdriverInstanceFactory.newInstanceOf(WebdriverInstanceFactory.java:28)	at net.thucydides.core.webdriver.WebDriverFactory.firefoxDriverFrom(WebDriverFactory.java:314)	at net.thucydides.core.webdriver.WebDriverFactory.newWebdriverInstance(WebDriverFactory.java:135)	... 46 moreCaused by: org.openqa.selenium.WebDriverException: Unable to bind to locking port 7054 within 45000 ms
Build info: version: &apos;2.25.0&apos;, revision: &apos;17482&apos;, time: &apos;2012-07-18 22:18:01&apos;
System info: os.name: &apos;Linux&apos;, os.arch: &apos;amd64&apos;, os.version: &apos;3.1.1&apos;, java.version: &apos;1.7.0_79&apos;
Driver info: driver.version: FirefoxDriver	at org.openqa.selenium.internal.SocketLock.lock(SocketLock.java:94)	at org.openqa.selenium.firefox.internal.NewProfileExtensionConnection.start(NewProfileExtensionConnection.java:73)	at org.openqa.selenium.firefox.FirefoxDriver.startClient(FirefoxDriver.java:245)	at org.openqa.selenium.remote.RemoteWebDriver.&lt;init&gt;(RemoteWebDriver.java:109)	at org.openqa.selenium.firefox.FirefoxDriver.&lt;init&gt;(FirefoxDriver.java:183)	at org.openqa.selenium.firefox.FirefoxDriver.&lt;init&gt;(FirefoxDriver.java:178)	at org.openqa.selenium.firefox.FirefoxDriver.&lt;init&gt;(FirefoxDriver.java:174)	at org.openqa.selenium.firefox.FirefoxDriver.&lt;init&gt;(FirefoxDriver.java:96)	... 52 more413264 [pool-1-thread-3] ERROR net.thucydides.core.webdriver.WebDriverFacade - FAILED TO CREATE NEW DRIVER INSTANCE class org.openqa.selenium.firefox.FirefoxDriver: Could not instantiate class org.openqa.selenium.firefox.FirefoxDriver
net.thucydides.core.webdriver.UnsupportedDriverException: Could not instantiate class org.openqa.selenium.firefox.FirefoxDriver	at net.thucydides.core.webdriver.WebDriverFactory.newWebdriverInstance(WebDriverFactory.java:149)	at net.thucydides.core.webdriver.WebDriverFacade.newDriverInstance(WebDriverFacade.java:87)	at net.thucydides.core.webdriver.WebDriverFacade.newProxyDriver(WebDriverFacade.java:82)	at net.thucydides.core.webdriver.WebDriverFacade.getProxiedDriver(WebDriverFacade.java:54)	at net.thucydides.core.pages.Pages.browserIsHeadless(Pages.java:141)	at net.thucydides.core.pages.Pages.openHeadlessDriverIfNotOpen(Pages.java:126)	at net.thucydides.core.pages.Pages.openBrowserIfRequiredFor(Pages.java:119)	at net.thucydides.core.pages.Pages.currentPageAt(Pages.java:107)	at com.wakaleo.gameoflife.webtests.steps.PlayerSteps.onHomePage(PlayerSteps.java:57)	at com.wakaleo.gameoflife.webtests.steps.PlayerSteps.chooses_to_start_a_new_game(PlayerSteps.java:28)	at com.wakaleo.gameoflife.webtests.steps.PlayerSteps$$EnhancerByCGLIB$$e7ad7fc9.CGLIB$chooses_to_start_a_new_game$1(&lt;generated&gt;)	at com.wakaleo.gameoflife.webtests.steps.PlayerSteps$$EnhancerByCGLIB$$e7ad7fc9$$FastClassByCGLIB$$2f6316fe.invoke(&lt;generated&gt;)	at net.sf.cglib.proxy.MethodProxy.invokeSuper(MethodProxy.java:228)	at net.thucydides.core.steps.StepInterceptor.invokeMethod(StepInterceptor.java:285)	at net.thucydides.core.steps.StepInterceptor.runSkippedMethod(StepInterceptor.java:140)	at net.thucydides.core.steps.StepInterceptor.skipTestStep(StepInterceptor.java:130)	at net.thucydides.core.steps.StepInterceptor.testStepResult(StepInterceptor.java:121)	at net.thucydides.core.steps.StepInterceptor.intercept(StepInterceptor.java:50)	at com.wakaleo.gameoflife.webtests.steps.PlayerSteps$$EnhancerByCGLIB$$e7ad7fc9.chooses_to_start_a_new_game(&lt;generated&gt;)	at com.wakaleo.gameoflife.webtests.WhenTheUserSpawnsTheNextGeneration.aRotatingCellSetShouldProduceTheOriginalSetOfCellsAfterThreeGenerations(WhenTheUserSpawnsTheNextGeneration.java:142)	at sun.reflect.NativeMethodAccessorImpl.invoke0(Native Method)	at sun.reflect.NativeMethodAccessorImpl.invoke(NativeMethodAccessorImpl.java:57)	at sun.reflect.DelegatingMethodAccessorImpl.invoke(DelegatingMethodAccessorImpl.java:43)	at java.lang.reflect.Method.invoke(Method.java:606)	at org.junit.runners.model.FrameworkMethod$1.runReflectiveCall(FrameworkMethod.java:45)	at org.junit.internal.runners.model.ReflectiveCallable.run(ReflectiveCallable.java:15)	at org.junit.runners.model.FrameworkMethod.invokeExplosively(FrameworkMethod.java:42)	at org.junit.internal.runners.statements.InvokeMethod.evaluate(InvokeMethod.java:20)	at net.thucydides.junit.runners.ThucydidesStatement.evaluate(ThucydidesStatement.java:21)	at org.junit.runners.ParentRunner.runLeaf(ParentRunner.java:263)	at org.junit.runners.BlockJUnit4ClassRunner.runChild(BlockJUnit4ClassRunner.java:68)	at net.thucydides.junit.runners.ThucydidesRunner.runChild(ThucydidesRunner.java:339)	at net.thucydides.junit.runners.ThucydidesRunner.runChild(ThucydidesRunner.java:56)	at org.junit.runners.ParentRunner$3.run(ParentRunner.java:231)	at org.junit.runners.ParentRunner$1.schedule(ParentRunner.java:60)	at org.junit.runners.ParentRunner.runChildren(ParentRunner.java:229)	at org.junit.runners.ParentRunner.access$000(ParentRunner.java:50)	at org.junit.runners.ParentRunner$2.evaluate(ParentRunner.java:222)	at org.junit.runners.ParentRunner.run(ParentRunner.java:300)	at net.thucydides.junit.runners.ThucydidesRunner.run(ThucydidesRunner.java:201)	at org.junit.runners.Suite.runChild(Suite.java:128)	at org.junit.runners.Suite.runChild(Suite.java:24)	at org.junit.runners.ParentRunner$3.run(ParentRunner.java:231)	at java.util.concurrent.Executors$RunnableAdapter.call(Executors.java:471)	at java.util.concurrent.FutureTask.run(FutureTask.java:262)	at java.util.concurrent.ThreadPoolExecutor.runWorker(ThreadPoolExecutor.java:1145)	at java.util.concurrent.ThreadPoolExecutor$Worker.run(ThreadPoolExecutor.java:615)	at java.lang.Thread.run(Thread.java:745)Caused by: java.lang.reflect.InvocationTargetException	at sun.reflect.GeneratedConstructorAccessor39.newInstance(Unknown Source)	at sun.reflect.DelegatingConstructorAccessorImpl.newInstance(DelegatingConstructorAccessorImpl.java:45)	at java.lang.reflect.Constructor.newInstance(Constructor.java:526)	at net.thucydides.core.webdriver.WebdriverInstanceFactory.newInstanceOf(WebdriverInstanceFactory.java:28)	at net.thucydides.core.webdriver.WebDriverFactory.firefoxDriverFrom(WebDriverFactory.java:314)	at net.thucydides.core.webdriver.WebDriverFactory.newWebdriverInstance(WebDriverFactory.java:135)	... 47 moreCaused by: org.openqa.selenium.WebDriverException: Unable to bind to locking port 7054 within 45000 ms
Build info: version: &apos;2.25.0&apos;, revision: &apos;17482&apos;, time: &apos;2012-07-18 22:18:01&apos;
System info: os.name: &apos;Linux&apos;, os.arch: &apos;amd64&apos;, os.version: &apos;3.1.1&apos;, java.version: &apos;1.7.0_79&apos;
Driver info: driver.version: FirefoxDriver	at org.openqa.selenium.internal.SocketLock.lock(SocketLock.java:94)	at org.openqa.selenium.firefox.internal.NewProfileExtensionConnection.start(NewProfileExtensionConnection.java:73)	at org.openqa.selenium.firefox.FirefoxDriver.startClient(FirefoxDriver.java:245)	at org.openqa.selenium.remote.RemoteWebDriver.&lt;init&gt;(RemoteWebDriver.java:109)	at org.openqa.selenium.firefox.FirefoxDriver.&lt;init&gt;(FirefoxDriver.java:183)	at org.openqa.selenium.firefox.FirefoxDriver.&lt;init&gt;(FirefoxDriver.java:178)	at org.openqa.selenium.firefox.FirefoxDriver.&lt;init&gt;(FirefoxDriver.java:174)	at org.openqa.selenium.firefox.FirefoxDriver.&lt;init&gt;(FirefoxDriver.java:96)	... 53 more458551 [pool-1-thread-3] ERROR net.thucydides.core.webdriver.WebDriverFacade - FAILED TO CREATE NEW DRIVER INSTANCE class org.openqa.selenium.firefox.FirefoxDriver: Could not instantiate class org.openqa.selenium.firefox.FirefoxDriver
net.thucydides.core.webdriver.UnsupportedDriverException: Could not instantiate class org.openqa.selenium.firefox.FirefoxDriver	at net.thucydides.core.webdriver.WebDriverFactory.newWebdriverInstance(WebDriverFactory.java:149)	at net.thucydides.core.webdriver.WebDriverFacade.newDriverInstance(WebDriverFacade.java:87)	at net.thucydides.core.webdriver.WebDriverFacade.newProxyDriver(WebDriverFacade.java:82)	at net.thucydides.core.webdriver.WebDriverFacade.getProxiedDriver(WebDriverFacade.java:54)	at net.thucydides.core.pages.Pages.browserIsHeadless(Pages.java:141)	at net.thucydides.core.pages.Pages.openHeadlessDriverIfNotOpen(Pages.java:126)	at net.thucydides.core.pages.Pages.openBrowserIfRequiredFor(Pages.java:119)	at net.thucydides.core.pages.Pages.currentPageAt(Pages.java:107)	at com.wakaleo.gameoflife.webtests.steps.PlayerSteps.onEnterGridPage(PlayerSteps.java:61)	at com.wakaleo.gameoflife.webtests.steps.PlayerSteps.clicks_on_cell_at(PlayerSteps.java:48)	at com.wakaleo.gameoflife.webtests.steps.PlayerSteps$$EnhancerByCGLIB$$e7ad7fc9.CGLIB$clicks_on_cell_at$5(&lt;generated&gt;)	at com.wakaleo.gameoflife.webtests.steps.PlayerSteps$$EnhancerByCGLIB$$e7ad7fc9$$FastClassByCGLIB$$2f6316fe.invoke(&lt;generated&gt;)	at net.sf.cglib.proxy.MethodProxy.invokeSuper(MethodProxy.java:228)	at net.thucydides.core.steps.StepInterceptor.invokeMethod(StepInterceptor.java:285)	at net.thucydides.core.steps.StepInterceptor.runSkippedMethod(StepInterceptor.java:140)	at net.thucydides.core.steps.StepInterceptor.skipTestStep(StepInterceptor.java:130)	at net.thucydides.core.steps.StepInterceptor.testStepResult(StepInterceptor.java:121)	at net.thucydides.core.steps.StepInterceptor.intercept(StepInterceptor.java:50)	at com.wakaleo.gameoflife.webtests.steps.PlayerSteps$$EnhancerByCGLIB$$e7ad7fc9.clicks_on_cell_at(&lt;generated&gt;)	at com.wakaleo.gameoflife.webtests.WhenTheUserSpawnsTheNextGeneration.aRotatingCellSetShouldProduceTheOriginalSetOfCellsAfterThreeGenerations(WhenTheUserSpawnsTheNextGeneration.java:143)	at sun.reflect.NativeMethodAccessorImpl.invoke0(Native Method)	at sun.reflect.NativeMethodAccessorImpl.invoke(NativeMethodAccessorImpl.java:57)	at sun.reflect.DelegatingMethodAccessorImpl.invoke(DelegatingMethodAccessorImpl.java:43)	at java.lang.reflect.Method.invoke(Method.java:606)	at org.junit.runners.model.FrameworkMethod$1.runReflectiveCall(FrameworkMethod.java:45)	at org.junit.internal.runners.model.ReflectiveCallable.run(ReflectiveCallable.java:15)	at org.junit.runners.model.FrameworkMethod.invokeExplosively(FrameworkMethod.java:42)	at org.junit.internal.runners.statements.InvokeMethod.evaluate(InvokeMethod.java:20)	at net.thucydides.junit.runners.ThucydidesStatement.evaluate(ThucydidesStatement.java:21)	at org.junit.runners.ParentRunner.runLeaf(ParentRunner.java:263)	at org.junit.runners.BlockJUnit4ClassRunner.runChild(BlockJUnit4ClassRunner.java:68)	at net.thucydides.junit.runners.ThucydidesRunner.runChild(ThucydidesRunner.java:339)	at net.thucydides.junit.runners.ThucydidesRunner.runChild(ThucydidesRunner.java:56)	at org.junit.runners.ParentRunner$3.run(ParentRunner.java:231)	at org.junit.runners.ParentRunner$1.schedule(ParentRunner.java:60)	at org.junit.runners.ParentRunner.runChildren(ParentRunner.java:229)	at org.junit.runners.ParentRunner.access$000(ParentRunner.java:50)	at org.junit.runners.ParentRunner$2.evaluate(ParentRunner.java:222)	at org.junit.runners.ParentRunner.run(ParentRunner.java:300)	at net.thucydides.junit.runners.ThucydidesRunner.run(ThucydidesRunner.java:201)	at org.junit.runners.Suite.runChild(Suite.java:128)	at org.junit.runners.Suite.runChild(Suite.java:24)	at org.junit.runners.ParentRunner$3.run(ParentRunner.java:231)	at java.util.concurrent.Executors$RunnableAdapter.call(Executors.java:471)	at java.util.concurrent.FutureTask.run(FutureTask.java:262)	at java.util.concurrent.ThreadPoolExecutor.runWorker(ThreadPoolExecutor.java:1145)	at java.util.concurrent.ThreadPoolExecutor$Worker.run(ThreadPoolExecutor.java:615)	at java.lang.Thread.run(Thread.java:745)Caused by: java.lang.reflect.InvocationTargetException	at sun.reflect.GeneratedConstructorAccessor39.newInstance(Unknown Source)	at sun.reflect.DelegatingConstructorAccessorImpl.newInstance(DelegatingConstructorAccessorImpl.java:45)	at java.lang.reflect.Constructor.newInstance(Constructor.java:526)	at net.thucydides.core.webdriver.WebdriverInstanceFactory.newInstanceOf(WebdriverInstanceFactory.java:28)	at net.thucydides.core.webdriver.WebDriverFactory.firefoxDriverFrom(WebDriverFactory.java:314)	at net.thucydides.core.webdriver.WebDriverFactory.newWebdriverInstance(WebDriverFactory.java:135)	... 47 moreCaused by: org.openqa.selenium.WebDriverException: Unable to bind to locking port 7054 within 45000 ms
Build info: version: &apos;2.25.0&apos;, revision: &apos;17482&apos;, time: &apos;2012-07-18 22:18:01&apos;
System info: os.name: &apos;Linux&apos;, os.arch: &apos;amd64&apos;, os.version: &apos;3.1.1&apos;, java.version: &apos;1.7.0_79&apos;
Driver info: driver.version: FirefoxDriver	at org.openqa.selenium.internal.SocketLock.lock(SocketLock.java:94)	at org.openqa.selenium.firefox.internal.NewProfileExtensionConnection.start(NewProfileExtensionConnection.java:73)	at org.openqa.selenium.firefox.FirefoxDriver.startClient(FirefoxDriver.java:245)	at org.openqa.selenium.remote.RemoteWebDriver.&lt;init&gt;(RemoteWebDriver.java:109)	at org.openqa.selenium.firefox.FirefoxDriver.&lt;init&gt;(FirefoxDriver.java:183)	at org.openqa.selenium.firefox.FirefoxDriver.&lt;init&gt;(FirefoxDriver.java:178)	at org.openqa.selenium.firefox.FirefoxDriver.&lt;init&gt;(FirefoxDriver.java:174)	at org.openqa.selenium.firefox.FirefoxDriver.&lt;init&gt;(FirefoxDriver.java:96)	... 53 more503814 [pool-1-thread-3] ERROR net.thucydides.core.webdriver.WebDriverFacade - FAILED TO CREATE NEW DRIVER INSTANCE class org.openqa.selenium.firefox.FirefoxDriver: Could not instantiate class org.openqa.selenium.firefox.FirefoxDriver
net.thucydides.core.webdriver.UnsupportedDriverException: Could not instantiate class org.openqa.selenium.firefox.FirefoxDriver	at net.thucydides.core.webdriver.WebDriverFactory.newWebdriverInstance(WebDriverFactory.java:149)	at net.thucydides.core.webdriver.WebDriverFacade.newDriverInstance(WebDriverFacade.java:87)	at net.thucydides.core.webdriver.WebDriverFacade.newProxyDriver(WebDriverFacade.java:82)	at net.thucydides.core.webdriver.WebDriverFacade.getProxiedDriver(WebDriverFacade.java:54)	at net.thucydides.core.pages.Pages.browserIsHeadless(Pages.java:141)	at net.thucydides.core.pages.Pages.openHeadlessDriverIfNotOpen(Pages.java:126)	at net.thucydides.core.pages.Pages.openBrowserIfRequiredFor(Pages.java:119)	at net.thucydides.core.pages.Pages.currentPageAt(Pages.java:107)	at com.wakaleo.gameoflife.webtests.steps.PlayerSteps.onEnterGridPage(PlayerSteps.java:61)	at com.wakaleo.gameoflife.webtests.steps.PlayerSteps.clicks_on_cell_at(PlayerSteps.java:48)	at com.wakaleo.gameoflife.webtests.steps.PlayerSteps$$EnhancerByCGLIB$$e7ad7fc9.CGLIB$clicks_on_cell_at$5(&lt;generated&gt;)	at com.wakaleo.gameoflife.webtests.steps.PlayerSteps$$EnhancerByCGLIB$$e7ad7fc9$$FastClassByCGLIB$$2f6316fe.invoke(&lt;generated&gt;)	at net.sf.cglib.proxy.MethodProxy.invokeSuper(MethodProxy.java:228)	at net.thucydides.core.steps.StepInterceptor.invokeMethod(StepInterceptor.java:285)	at net.thucydides.core.steps.StepInterceptor.runSkippedMethod(StepInterceptor.java:140)	at net.thucydides.core.steps.StepInterceptor.skipTestStep(StepInterceptor.java:130)	at net.thucydides.core.steps.StepInterceptor.testStepResult(StepInterceptor.java:121)	at net.thucydides.core.steps.StepInterceptor.intercept(StepInterceptor.java:50)	at com.wakaleo.gameoflife.webtests.steps.PlayerSteps$$EnhancerByCGLIB$$e7ad7fc9.clicks_on_cell_at(&lt;generated&gt;)	at com.wakaleo.gameoflife.webtests.WhenTheUserSpawnsTheNextGeneration.aRotatingCellSetShouldProduceTheOriginalSetOfCellsAfterThreeGenerations(WhenTheUserSpawnsTheNextGeneration.java:144)	at sun.reflect.NativeMethodAccessorImpl.invoke0(Native Method)	at sun.reflect.NativeMethodAccessorImpl.invoke(NativeMethodAccessorImpl.java:57)	at sun.reflect.DelegatingMethodAccessorImpl.invoke(DelegatingMethodAccessorImpl.java:43)	at java.lang.reflect.Method.invoke(Method.java:606)	at org.junit.runners.model.FrameworkMethod$1.runReflectiveCall(FrameworkMethod.java:45)	at org.junit.internal.runners.model.ReflectiveCallable.run(ReflectiveCallable.java:15)	at org.junit.runners.model.FrameworkMethod.invokeExplosively(FrameworkMethod.java:42)	at org.junit.internal.runners.statements.InvokeMethod.evaluate(InvokeMethod.java:20)	at net.thucydides.junit.runners.ThucydidesStatement.evaluate(ThucydidesStatement.java:21)	at org.junit.runners.ParentRunner.runLeaf(ParentRunner.java:263)	at org.junit.runners.BlockJUnit4ClassRunner.runChild(BlockJUnit4ClassRunner.java:68)	at net.thucydides.junit.runners.ThucydidesRunner.runChild(ThucydidesRunner.java:339)	at net.thucydides.junit.runners.ThucydidesRunner.runChild(ThucydidesRunner.java:56)	at org.junit.runners.ParentRunner$3.run(ParentRunner.java:231)	at org.junit.runners.ParentRunner$1.schedule(ParentRunner.java:60)	at org.junit.runners.ParentRunner.runChildren(ParentRunner.java:229)	at org.junit.runners.ParentRunner.access$000(ParentRunner.java:50)	at org.junit.runners.ParentRunner$2.evaluate(ParentRunner.java:222)	at org.junit.runners.ParentRunner.run(ParentRunner.java:300)	at net.thucydides.junit.runners.ThucydidesRunner.run(ThucydidesRunner.java:201)	at org.junit.runners.Suite.runChild(Suite.java:128)	at org.junit.runners.Suite.runChild(Suite.java:24)	at org.junit.runners.ParentRunner$3.run(ParentRunner.java:231)	at java.util.concurrent.Executors$RunnableAdapter.call(Executors.java:471)	at java.util.concurrent.FutureTask.run(FutureTask.java:262)	at java.util.concurrent.ThreadPoolExecutor.runWorker(ThreadPoolExecutor.java:1145)	at java.util.concurrent.ThreadPoolExecutor$Worker.run(ThreadPoolExecutor.java:615)	at java.lang.Thread.run(Thread.java:745)Caused by: java.lang.reflect.InvocationTargetException	at sun.reflect.GeneratedConstructorAccessor39.newInstance(Unknown Source)	at sun.r
[...]
net.thucydides.core.webdriver.UnsupportedDriverException: Could not instantiate class org.openqa.selenium.firefox.FirefoxDriver	at net.thucydides.core.webdriver.WebDriverFactory.newWebdriverInstance(WebDriverFactory.java:149)	at net.thucydides.core.webdriver.WebDriverFacade.newDriverInstance(WebDriverFacade.java:87)	at net.thucydides.core.webdriver.WebDriverFacade.newProxyDriver(WebDriverFacade.java:82)	at net.thucydides.core.webdriver.WebDriverFacade.getProxiedDriver(WebDriverFacade.java:54)	at net.thucydides.core.pages.Pages.browserIsHeadless(Pages.java:141)	at net.thucydides.core.pages.Pages.openHeadlessDriverIfNotOpen(Pages.java:126)	at net.thucydides.core.pages.Pages.openBrowserIfRequiredFor(Pages.java:119)	at net.thucydides.core.pages.Pages.currentPageAt(Pages.java:107)	at com.wakaleo.gameoflife.webtests.steps.PlayerSteps.onEnterGridPage(PlayerSteps.java:61)	at com.wakaleo.gameoflife.webtests.steps.PlayerSteps.starts_simulation(PlayerSteps.java:43)	at com.wakaleo.gameoflife.webtests.steps.PlayerSteps$$EnhancerByCGLIB$$e7ad7fc9.CGLIB$starts_simulation$3(&lt;generated&gt;)	at com.wakaleo.gameoflife.webtests.steps.PlayerSteps$$EnhancerByCGLIB$$e7ad7fc9$$FastClassByCGLIB$$2f6316fe.invoke(&lt;generated&gt;)	at net.sf.cglib.proxy.MethodProxy.invokeSuper(MethodProxy.java:228)	at net.thucydides.core.steps.StepInterceptor.invokeMethod(StepInterceptor.java:285)	at net.thucydides.core.steps.StepInterceptor.runSkippedMethod(StepInterceptor.java:140)	at net.thucydides.core.steps.StepInterceptor.skipTestStep(StepInterceptor.java:130)	at net.thucydides.core.steps.StepInterceptor.testStepResult(StepInterceptor.java:121)	at net.thucydides.core.steps.StepInterceptor.intercept(StepInterceptor.java:50)	at com.wakaleo.gameoflife.webtests.steps.PlayerSteps$$EnhancerByCGLIB$$e7ad7fc9.starts_simulation(&lt;generated&gt;)	at com.wakaleo.gameoflife.webtests.WhenTheUserSpawnsTheNextGeneration.aGridWithOneCellShouldProduceAnEmptyGrid(WhenTheUserSpawnsTheNextGeneration.java:60)	at sun.reflect.NativeMethodAccessorImpl.invoke0(Native Method)	at sun.reflect.NativeMethodAccessorImpl.invoke(NativeMethodAccessorImpl.java:57)	at sun.reflect.DelegatingMethodAccessorImpl.invoke(DelegatingMethodAccessorImpl.java:43)	at java.lang.reflect.Method.invoke(Method.java:606)	at org.junit.runners.model.FrameworkMethod$1.runReflectiveCall(FrameworkMethod.java:45)	at org.junit.internal.runners.model.ReflectiveCallable.run(ReflectiveCallable.java:15)	at org.junit.runners.model.FrameworkMethod.invokeExplosively(FrameworkMethod.java:42)	at org.junit.internal.runners.statements.InvokeMethod.evaluate(InvokeMethod.java:20)	at net.thucydides.junit.runners.ThucydidesStatement.evaluate(ThucydidesStatement.java:21)	at org.junit.runners.ParentRunner.runLeaf(ParentRunner.java:263)	at org.junit.runners.BlockJUnit4ClassRunner.runChild(BlockJUnit4ClassRunner.java:68)	at net.thucydides.junit.runners.ThucydidesRunner.runChild(ThucydidesRunner.java:339)	at net.thucydides.junit.runners.ThucydidesRunner.runChild(ThucydidesRunner.java:56)	at org.junit.runners.ParentRunner$3.run(ParentRunner.java:231)	at org.junit.runners.ParentRunner$1.schedule(ParentRunner.java:60)	at org.junit.runners.ParentRunner.runChildren(ParentRunner.java:229)	at org.junit.runners.ParentRunner.access$000(ParentRunner.java:50)	at org.junit.runners.ParentRunner$2.evaluate(ParentRunner.java:222)	at org.junit.runners.ParentRunner.run(ParentRunner.java:300)	at net.thucydides.junit.runners.ThucydidesRunner.run(ThucydidesRunner.java:201)	at org.junit.runners.Suite.runChild(Suite.java:128)	at org.junit.runners.Suite.runChild(Suite.java:24)	at org.junit.runners.ParentRunner$3.run(ParentRunner.java:231)	at java.util.concurrent.Executors$RunnableAdapter.call(Executors.java:471)	at java.util.concurrent.FutureTask.run(FutureTask.java:262)	at java.util.concurrent.ThreadPoolExecutor.runWorker(ThreadPoolExecutor.java:1145)	at java.util.concurrent.ThreadPoolExecutor$Worker.run(ThreadPoolExecutor.java:615)	at java.lang.Thread.run(Thread.java:745)Caused by: java.lang.reflect.InvocationTargetException	at sun.reflect.GeneratedConstructorAccessor39.newInstance(Unknown Source)	at sun.reflect.DelegatingConstructorAccessorImpl.newInstance(DelegatingConstructorAccessorImpl.java:45)	at java.lang.reflect.Constructor.newInstance(Constructor.java:526)	at net.thucydides.core.webdriver.WebdriverInstanceFactory.newInstanceOf(WebdriverInstanceFactory.java:28)	at net.thucydides.core.webdriver.WebDriverFactory.firefoxDriverFrom(WebDriverFactory.java:314)	at net.thucydides.core.webdriver.WebDriverFactory.newWebdriverInstance(WebDriverFactory.java:135)	... 47 moreCaused by: org.openqa.selenium.WebDriverException: Failed to connect to binary FirefoxBinary(/usr/bin/firefox) on port 7055; process output follows: 
Error: no display specified
Error: no display specified

Build info: version: &apos;2.25.0&apos;, revision: &apos;17482&apos;, time: &apos;2012-07-18 22:18:01&apos;
System info: os.name: &apos;Linux&apos;, os.arch: &apos;amd64&apos;, os.version: &apos;3.1.1&apos;, java.version: &apos;1.7.0_79&apos;
Driver info: driver.version: FirefoxDriver	at org.openqa.selenium.firefox.internal.NewProfileExtensionConnection.start(NewProfileExtensionConnection.java:121)	at org.openqa.selenium.firefox.FirefoxDriver.startClient(FirefoxDriver.java:245)	at org.openqa.selenium.remote.RemoteWebDriver.&lt;init&gt;(RemoteWebDriver.java:109)	at org.openqa.selenium.firefox.FirefoxDriver.&lt;init&gt;(FirefoxDriver.java:183)	at org.openqa.selenium.firefox.FirefoxDriver.&lt;init&gt;(FirefoxDriver.java:178)	at org.openqa.selenium.firefox.FirefoxDriver.&lt;init&gt;(FirefoxDriver.java:174)	at org.openqa.selenium.firefox.FirefoxDriver.&lt;init&gt;(FirefoxDriver.java:96)	... 53 moreCaused by: org.openqa.selenium.firefox.NotConnectedException: Unable to connect to host localhost on port 7055 after 45000 ms. Firefox console output:
Error: no display specified
Error: no display specified
	at org.openqa.selenium.firefox.internal.NewProfileExtensionConnection.start(NewProfileExtensionConnection.java:109)	... 59 moreorg.openqa.selenium.firefox.NotConnectedException: Unable to connect to host localhost on port 7055 after 45000 ms. Firefox console output:
Error: no display specified
Error: no display specified
	at org.openqa.selenium.firefox.internal.NewProfileExtensionConnection.start(NewProfileExtensionConnection.java:109)	at org.openqa.selenium.firefox.FirefoxDriver.startClient(FirefoxDriver.java:245)	at org.openqa.selenium.remote.RemoteWebDriver.&lt;init&gt;(RemoteWebDriver.java:109)	at org.openqa.selenium.firefox.FirefoxDriver.&lt;init&gt;(FirefoxDriver.java:183)	at org.openqa.selenium.firefox.FirefoxDriver.&lt;init&gt;(FirefoxDriver.java:178)	at org.openqa.selenium.firefox.FirefoxDriver.&lt;init&gt;(FirefoxDriver.java:174)	at org.openqa.selenium.firefox.FirefoxDriver.&lt;init&gt;(FirefoxDriver.java:96)	at sun.reflect.GeneratedConstructorAccessor39.newInstance(Unknown Source)	at sun.reflect.DelegatingConstructorAccessorImpl.newInstance(DelegatingConstructorAccessorImpl.java:45)	at java.lang.reflect.Constructor.newInstance(Constructor.java:526)	at net.thucydides.core.webdriver.WebdriverInstanceFactory.newInstanceOf(WebdriverInstanceFactory.java:28)	at net.thucydides.core.webdriver.WebDriverFactory.firefoxDriverFrom(WebDriverFactory.java:314)	at net.thucydides.core.webdriver.WebDriverFactory.newWebdriverInstance(WebDriverFactory.java:135)	at net.thucydides.core.webdriver.WebDriverFacade.newDriverInstance(WebDriverFacade.java:87)	at net.thucydides.core.webdriver.WebDriverFacade.newProxyDriver(WebDriverFacade.java:82)	at net.thucydides.core.webdriver.WebDriverFacade.getProxiedDriver(WebDriverFacade.java:54)	at net.thucydides.core.pages.Pages.browserIsHeadless(Pages.java:141)	at net.thucydides.core.pages.Pages.openHeadlessDriverIfNotOpen(Pages.java:126)	at net.thucydides.core.pages.Pages.openBrowserIfRequiredFor(Pages.java:119)	at net.thucydides.core.pages.Pages.currentPageAt(Pages.java:107)	at com.wakaleo.gameoflife.webtests.steps.PlayerSteps.onShowGridPage(PlayerSteps.java:65)	at com.wakaleo.gameoflife.webtests.steps.PlayerSteps.should_see_grid(PlayerSteps.java:38)	at com.wakaleo.gameoflife.webtests.steps.PlayerSteps$$EnhancerByCGLIB$$e7ad7fc9.CGLIB$should_see_grid$4(&lt;generated&gt;)	at com.wakaleo.gameoflife.webtests.steps.PlayerSteps$$EnhancerByCGLIB$$e7ad7fc9$$FastClassByCGLIB$$2f6316fe.invoke(&lt;generated&gt;)	at net.sf.cglib.proxy.MethodProxy.invokeSuper(MethodProxy.java:228)	at net.thucydides.core.steps.StepInterceptor.invokeMethod(StepInterceptor.java:285)	at net.thucydides.core.steps.StepInterceptor.runSkippedMethod(StepInterceptor.java:140)	at net.thucydides.core.steps.StepInterceptor.skipTestStep(StepInterceptor.java:130)	at net.thucydides.core.steps.StepInterceptor.testStepResult(StepInterceptor.java:121)	at net.thucydides.core.steps.StepInterceptor.intercept(StepInterceptor.java:50)	at com.wakaleo.gameoflife.webtests.steps.PlayerSteps$$EnhancerByCGLIB$$e7ad7fc9.should_see_grid(&lt;generated&gt;)	at com.wakaleo.gameoflife.webtests.WhenTheUserSpawnsTheNextGeneration.aGridWithOneCellShouldProduceAnEmptyGrid(WhenTheUserSpawnsTheNextGeneration.java:62)	at sun.reflect.NativeMethodAccessorImpl.invoke0(Native Method)	at sun.reflect.NativeMethodAccessorImpl.invoke(NativeMethodAccessorImpl.java:57)	at sun.reflect.DelegatingMethodAccessorImpl.invoke(DelegatingMethodAccessorImpl.java:43)	at java.lang.reflect.Method.invoke(Method.java:606)	at org.junit.runners.model.FrameworkMethod$1.runReflectiveCall(FrameworkMethod.java:45)	at org.junit.internal.runners.model.ReflectiveCallable.run(ReflectiveCallable.java:15)	at org.junit.runners.model.FrameworkMethod.invokeExplosively(FrameworkMethod.java:42)	at org.junit.internal.runners.statements.InvokeMethod.evaluate(InvokeMethod.java:20)	at net.thucydides.junit.runners.ThucydidesStatement.evaluate(ThucydidesStatement.java:21)	at org.junit.runners.ParentRunner.runLeaf(ParentRunner.java:263)	at org.junit.runners.BlockJUnit4ClassRunner.runChild(BlockJUnit4ClassRunner.java:68)	at net.thucydides.junit.runners.ThucydidesRunner.runChild(ThucydidesRunner.java:339)	at net.thucydides.junit.runners.ThucydidesRunner.runChild(ThucydidesRunner.java:56)	at org.junit.runners.ParentRunner$3.run(ParentRunner.java:231)	at org.junit.runners.ParentRunner$1.schedule(ParentRunner.java:60)	at org.junit.runners.ParentRunner.runChildren(ParentRunner.java:229)	at org.junit.runners.ParentRunner.access$000(ParentRunner.java:50)	at org.junit.runners.ParentRunner$2.evaluate(ParentRunner.java:222)	at org.junit.runners.ParentRunner.run(ParentRunner.java:300)	at net.thucydides.junit.runners.ThucydidesRunner.run(ThucydidesRunner.java:201)	at org.junit.runners.Suite.runChild(Suite.java:128)	at org.junit.runners.Suite.runChild(Suite.java:24)	at org.junit.runners.ParentRunner$3.run(ParentRunner.java:231)	at java.util.concurrent.Executors$RunnableAdapter.call(Executors.java:471)	at java.util.concurrent.FutureTask.run(FutureTask.java:262)	at java.util.concurrent.ThreadPoolExecutor.runWorker(ThreadPoolExecutor.java:1145)	at java.util.concurrent.ThreadPoolExecutor$Worker.run(ThreadPoolExecutor.java:615)	at java.lang.Thread.run(Thread.java:745)2136576 [pool-1-thread-3] ERROR net.thucydides.core.webdriver.WebDriverFacade - FAILED TO CREATE NEW DRIVER INSTANCE class org.openqa.selenium.firefox.FirefoxDriver: Could not instantiate class org.openqa.selenium.firefox.FirefoxDriver
net.thucydides.core.webdriver.UnsupportedDriverException: Could not instantiate class org.openqa.selenium.firefox.FirefoxDriver	at net.thucydides.core.webdriver.WebDriverFactory.newWebdriverInstance(WebDriverFactory.java:149)	at net.thucydides.core.webdriver.WebDriverFacade.newDriverInstance(WebDriverFacade.java:87)	at net.thucydides.core.webdriver.WebDriverFacade.newProxyDriver(WebDriverFacade.java:82)	at net.thucydides.core.webdriver.WebDriverFacade.getProxiedDriver(WebDriverFacade.java:54)	at net.thucydides.core.pages.Pages.browserIsHeadless(Pages.java:141)	at net.thucydides.core.pages.Pages.openHeadlessDriverIfNotOpen(Pages.java:126)	at net.thucydides.core.pages.Pages.openBrowserIfRequiredFor(Pages.java:119)	at net.thucydides.core.pages.Pages.currentPageAt(Pages.java:107)	at com.wakaleo.gameoflife.webtests.steps.PlayerSteps.onShowGridPage(PlayerSteps.java:65)	at com.wakaleo.gameoflife.webtests.steps.PlayerSteps.should_see_grid(PlayerSteps.java:38)	at com.wakaleo.gameoflife.webtests.steps.PlayerSteps$$EnhancerByCGLIB$$e7ad7fc9.CGLIB$should_see_grid$4(&lt;generated&gt;)	at com.wakaleo.gameoflife.webtests.steps.PlayerSteps$$EnhancerByCGLIB$$e7ad7fc9$$FastClassByCGLIB$$2f6316fe.invoke(&lt;generated&gt;)	at net.sf.cglib.proxy.MethodProxy.invokeSuper(MethodProxy.java:228)	at net.thucydides.core.steps.StepInterceptor.invokeMethod(StepInterceptor.java:285)	at net.thucydides.core.steps.StepInterceptor.runSkippedMethod(StepInterceptor.java:140)	at net.thucydides.core.steps.StepInterceptor.skipTestStep(StepInterceptor.java:130)	at net.thucydides.core.steps.StepInterceptor.testStepResult(StepInterceptor.java:121)	at net.thucydides.core.steps.StepInterceptor.intercept(StepInterceptor.java:50)	at com.wakaleo.gameoflife.webtests.steps.PlayerSteps$$EnhancerByCGLIB$$e7ad7fc9.should_see_grid(&lt;generated&gt;)	at com.wakaleo.gameoflife.webtests.WhenTheUserSpawnsTheNextGeneration.aGridWithOneCellShouldProduceAnEmptyGrid(WhenTheUserSpawnsTheNextGeneration.java:62)	at sun.reflect.NativeMethodAccessorImpl.invoke0(Native Method)	at sun.reflect.NativeMethodAccessorImpl.invoke(NativeMethodAccessorImpl.java:57)	at sun.reflect.DelegatingMethodAccessorImpl.invoke(DelegatingMethodAccessorImpl.java:43)	at java.lang.reflect.Method.invoke(Method.java:606)	at org.junit.runners.model.FrameworkMethod$1.runReflectiveCall(FrameworkMethod.java:45)	at org.junit.internal.runners.model.ReflectiveCallable.run(ReflectiveCallable.java:15)	at org.junit.runners.model.FrameworkMethod.invokeExplosively(FrameworkMethod.java:42)	at org.junit.internal.runners.statements.InvokeMethod.evaluate(InvokeMethod.java:20)	at net.thucydides.junit.runners.ThucydidesStatement.evaluate(ThucydidesStatement.java:21)	at org.junit.runners.ParentRunner.runLeaf(ParentRunner.java:263)	at org.junit.runners.BlockJUnit4ClassRunner.runChild(BlockJUnit4ClassRunner.java:68)	at net.thucydides.junit.runners.ThucydidesRunner.runChild(ThucydidesRunner.java:339)	at net.thucydides.junit.runners.ThucydidesRunner.runChild(ThucydidesRunner.java:56)	at org.junit.runners.ParentRunner$3.run(ParentRunner.java:231)	at org.junit.runners.ParentRunner$1.schedule(ParentRunner.java:60)	at org.junit.runners.ParentRunner.runChildren(ParentRunner.java:229)	at org.junit.runners.ParentRunner.access$000(ParentRunner.java:50)	at org.junit.runners.ParentRunner$2.evaluate(ParentRunner.java:222)	at org.junit.runners.ParentRunner.run(ParentRunner.java:300)	at net.thucydides.junit.runners.ThucydidesRunner.run(ThucydidesRunner.java:201)	at org.junit.runners.Suite.runChild(Suite.java:128)	at org.junit.runners.Suite.runChild(Suite.java:24)	at org.junit.runners.ParentRunner$3.run(ParentRunner.java:231)	at java.util.concurrent.Executors$RunnableAdapter.call(Executors.java:471)	at java.util.concurrent.FutureTask.run(FutureTask.java:262)	at java.util.concurrent.ThreadPoolExecutor.runWorker(ThreadPoolExecutor.java:1145)	at java.util.concurrent.ThreadPoolExecutor$Worker.run(ThreadPoolExecutor.java:615)	at java.lang.Thread.run(Thread.java:745)Caused by: java.lang.reflect.InvocationTargetException	at sun.reflect.GeneratedConstructorAccessor39.newInstance(Unknown Source)	at sun.reflect.DelegatingConstructorAccessorImpl.newInstance(DelegatingConstructorAccessorImpl.java:45)	at java.lang.reflect.Constructor.newInstance(Constructor.java:526)	at net.thucydides.core.webdriver.WebdriverInstanceFactory.newInstanceOf(WebdriverInstanceFactory.java:28)	at net.thucydides.core.webdriver.WebDriverFactory.firefoxDriverFrom(WebDriverFactory.java:314)	at net.thucydides.core.webdriver.WebDriverFactory.newWebdriverInstance(WebDriverFactory.java:135)	... 47 moreCaused by: org.openqa.selenium.WebDriverException: Failed to connect to binary FirefoxBinary(/usr/bin/firefox) on port 7055; process output follows: 
Error: no display specified
Error: no display specified

Build info: version: &apos;2.25.0&apos;, revision: &apos;17482&apos;, time: &apos;2012-07-18 22:18:01&apos;
System info: os.name: &apos;Linux&apos;, os.arch: &apos;amd64&apos;, os.version: &apos;3.1.1&apos;, java.version: &apos;1.7.0_79&apos;
Driver info: driver.version: FirefoxDriver	at org.openqa.selenium.firefox.internal.NewProfileExtensionConnection.start(NewProfileExtensionConnection.java:121)	at org.openqa.selenium.firefox.FirefoxDriver.startClient(FirefoxDriver.java:245)	at org.openqa.selenium.remote.RemoteWebDriver.&lt;init&gt;(RemoteWebDriver.java:109)	at org.openqa.selenium.firefox.FirefoxDriver.&lt;init&gt;(FirefoxDriver.java:183)	at org.openqa.selenium.firefox.FirefoxDriver.&lt;init&gt;(FirefoxDriver.java:178)	at org.openqa.selenium.firefox.FirefoxDriver.&lt;init&gt;(FirefoxDriver.java:174)	at org.openqa.selenium.firefox.FirefoxDriver.&lt;init&gt;(FirefoxDriver.java:96)	... 53 moreCaused by: org.openqa.selenium.firefox.NotConnectedException: Unable to connect to host localhost on port 7055 after 45000 ms. Firefox console output:
Error: no display specified
Error: no display specified
	at org.openqa.selenium.firefox.internal.NewProfileExtensionConnection.start(NewProfileExtensionConnection.java:109)	... 59 more2136579 [pool-1-thread-3] INFO net.thucydides.core.Thucydides - 
           __  _____ _____ ____ _____   _____ _    ___ _     _____ ____  
  _       / / |_   _| ____/ ___|_   _| |  ___/ \  |_ _| |   | ____|  _ \ 
 (_)_____| |    | | |  _| \___ \ | |   | |_ / _ \  | || |   |  _| | | | |
  _|_____| |    | | | |___ ___) || |   |  _/ ___ \ | || |___| |___| |_| |
 (_)     | |    |_| |_____|____/ |_|   |_|/_/   \_\___|_____|_____|____/ 
          \_\                                                            

TEST FAILED: A grid with one cell should produce an empty grid
--------------------------------------------------------------------------
2136579 [pool-1-thread-3] INFO net.thucydides.core.Thucydides - RELATED ISSUES: 
2136579 [pool-1-thread-3] INFO net.thucydides.core.Thucydides - 
  _____ _    ___ _     _   _ ____  _____ 
 |  ___/ \  |_ _| |   | | | |  _ \| ____|
 | |_ / _ \  | || |   | | | | |_) |  _|  
 |  _/ ___ \ | || |___| |_| |  _ &lt;| |___ 
 |_|/_/   \_\___|_____|\___/|_| \_\_____|
                                         

Could not instantiate class org.openqa.selenium.firefox.FirefoxDriver
2136630 [pool-1-thread-3] INFO net.thucydides.core.webdriver.SystemPropertiesConfiguration - Writing reports to target/site/thucydides
2136719 [pool-1-thread-3] INFO net.thucydides.core.requirements.ClasspathRequirementsProviderService - Using requirements providers: [net.thucydides.core.statistics.service.AnnotationBasedTagProvider@b2457bb, net.thucydides.core.statistics.service.FeatureStoryTagProvider@7efbbbb3, net.thucydides.core.requirements.FileSystemRequirementsTagProvider@40e025e6]
</system-err>
  </testcase>
</testsuite>